[2025-10-08T15:09:15.797+0000] {local_task_job_runner.py:120} INFO - ::group::Pre task execution logs
[2025-10-08T15:09:16.542+0000] {taskinstance.py:2076} INFO - Dependencies all met for dep_context=non-requeueable deps ti=<TaskInstance: Airflow_depi.print_hello scheduled__2025-10-01T01:29:00+00:00 [queued]>
[2025-10-08T15:09:16.598+0000] {taskinstance.py:2076} INFO - Dependencies all met for dep_context=requeueable deps ti=<TaskInstance: Airflow_depi.print_hello scheduled__2025-10-01T01:29:00+00:00 [queued]>
[2025-10-08T15:09:16.600+0000] {taskinstance.py:2306} INFO - Starting attempt 1 of 1
[2025-10-08T15:09:18.151+0000] {taskinstance.py:2330} INFO - Executing <Task(PythonOperator): print_hello> on 2025-10-01 01:29:00+00:00
[2025-10-08T15:09:18.783+0000] {warnings.py:112} WARNING - /home/***/.local/lib/python3.12/site-packages/***/task/task_runner/standard_task_runner.py:61: DeprecationWarning: This process (pid=879) is multi-threaded, use of fork() may lead to deadlocks in the child.
  pid = os.fork()

[2025-10-08T15:09:18.843+0000] {standard_task_runner.py:90} INFO - Running: ['***', 'tasks', 'run', 'Airflow_depi', 'print_hello', 'scheduled__2025-10-01T01:29:00+00:00', '--job-id', '251', '--raw', '--subdir', 'DAGS_FOLDER/dag.py', '--cfg-path', '/tmp/tmplvv_6fnb']
[2025-10-08T15:09:18.887+0000] {standard_task_runner.py:91} INFO - Job 251: Subtask print_hello
[2025-10-08T15:09:18.854+0000] {standard_task_runner.py:63} INFO - Started process 930 to run task
[2025-10-08T15:09:20.324+0000] {warnings.py:112} WARNING - /home/***/.local/lib/python3.12/site-packages/***/settings.py:195: DeprecationWarning: The sql_alchemy_conn option in [core] has been moved to the sql_alchemy_conn option in [database] - the old setting has been used, but please update your config.
  SQL_ALCHEMY_CONN = conf.get("database", "SQL_ALCHEMY_CONN")

[2025-10-08T15:09:21.001+0000] {task_command.py:426} INFO - Running <TaskInstance: Airflow_depi.print_hello scheduled__2025-10-01T01:29:00+00:00 [running]> on host 48b3f47b7e55
[2025-10-08T15:09:24.675+0000] {taskinstance.py:2648} INFO - Exporting env vars: AIRFLOW_CTX_DAG_OWNER='***' AIRFLOW_CTX_DAG_ID='Airflow_depi' AIRFLOW_CTX_TASK_ID='print_hello' AIRFLOW_CTX_EXECUTION_DATE='2025-10-01T01:29:00+00:00' AIRFLOW_CTX_TRY_NUMBER='1' AIRFLOW_CTX_DAG_RUN_ID='scheduled__2025-10-01T01:29:00+00:00'
[2025-10-08T15:09:24.709+0000] {taskinstance.py:430} INFO - ::endgroup::
[2025-10-08T15:09:24.738+0000] {logging_mixin.py:188} INFO - Hello, Ahmed Helmy
[2025-10-08T15:09:24.775+0000] {python.py:237} INFO - Done. Returned value was: None
[2025-10-08T15:09:24.784+0000] {taskinstance.py:441} INFO - ::group::Post task execution logs
[2025-10-08T15:09:25.506+0000] {taskinstance.py:1206} INFO - Marking task as SUCCESS. dag_id=Airflow_depi, task_id=print_hello, run_id=scheduled__2025-10-01T01:29:00+00:00, execution_date=20251001T012900, start_date=20251008T150916, end_date=20251008T150925
[2025-10-08T15:09:29.438+0000] {local_task_job_runner.py:240} INFO - Task exited with return code 0
[2025-10-08T15:09:30.578+0000] {local_task_job_runner.py:222} INFO - ::endgroup::
