[2025-10-08T14:54:25.889+0000] {local_task_job_runner.py:120} INFO - ::group::Pre task execution logs
[2025-10-08T14:54:26.395+0000] {taskinstance.py:2076} INFO - Dependencies all met for dep_context=non-requeueable deps ti=<TaskInstance: Airflow_depi.print_date scheduled__2025-10-01T00:25:00+00:00 [queued]>
[2025-10-08T14:54:26.697+0000] {taskinstance.py:2076} INFO - Dependencies all met for dep_context=requeueable deps ti=<TaskInstance: Airflow_depi.print_date scheduled__2025-10-01T00:25:00+00:00 [queued]>
[2025-10-08T14:54:26.712+0000] {taskinstance.py:2306} INFO - Starting attempt 1 of 1
[2025-10-08T14:54:27.070+0000] {taskinstance.py:2330} INFO - Executing <Task(BashOperator): print_date> on 2025-10-01 00:25:00+00:00
[2025-10-08T14:54:27.138+0000] {warnings.py:112} WARNING - /home/***/.local/lib/python3.12/site-packages/***/task/task_runner/standard_task_runner.py:61: DeprecationWarning: This process (pid=125) is multi-threaded, use of fork() may lead to deadlocks in the child.
  pid = os.fork()

[2025-10-08T14:54:27.145+0000] {standard_task_runner.py:63} INFO - Started process 164 to run task
[2025-10-08T14:54:27.235+0000] {standard_task_runner.py:90} INFO - Running: ['***', 'tasks', 'run', 'Airflow_depi', 'print_date', 'scheduled__2025-10-01T00:25:00+00:00', '--job-id', '26', '--raw', '--subdir', 'DAGS_FOLDER/dag.py', '--cfg-path', '/tmp/tmpvwm5z14m']
[2025-10-08T14:54:27.277+0000] {standard_task_runner.py:91} INFO - Job 26: Subtask print_date
[2025-10-08T14:54:27.460+0000] {warnings.py:112} WARNING - /home/***/.local/lib/python3.12/site-packages/***/settings.py:195: DeprecationWarning: The sql_alchemy_conn option in [core] has been moved to the sql_alchemy_conn option in [database] - the old setting has been used, but please update your config.
  SQL_ALCHEMY_CONN = conf.get("database", "SQL_ALCHEMY_CONN")

[2025-10-08T14:54:27.722+0000] {task_command.py:426} INFO - Running <TaskInstance: Airflow_depi.print_date scheduled__2025-10-01T00:25:00+00:00 [running]> on host 48b3f47b7e55
[2025-10-08T14:54:29.169+0000] {taskinstance.py:2648} INFO - Exporting env vars: AIRFLOW_CTX_DAG_OWNER='***' AIRFLOW_CTX_DAG_ID='Airflow_depi' AIRFLOW_CTX_TASK_ID='print_date' AIRFLOW_CTX_EXECUTION_DATE='2025-10-01T00:25:00+00:00' AIRFLOW_CTX_TRY_NUMBER='1' AIRFLOW_CTX_DAG_RUN_ID='scheduled__2025-10-01T00:25:00+00:00'
[2025-10-08T14:54:29.186+0000] {taskinstance.py:430} INFO - ::endgroup::
[2025-10-08T14:54:29.195+0000] {subprocess.py:63} INFO - Tmp dir root location: /tmp
[2025-10-08T14:54:29.203+0000] {subprocess.py:75} INFO - Running command: ['/usr/bin/bash', '-c', 'date']
[2025-10-08T14:54:29.360+0000] {subprocess.py:86} INFO - Output:
[2025-10-08T14:54:29.416+0000] {subprocess.py:93} INFO - Wed Oct  8 14:54:29 UTC 2025
[2025-10-08T14:54:29.428+0000] {subprocess.py:97} INFO - Command exited with return code 0
[2025-10-08T14:54:29.434+0000] {taskinstance.py:441} INFO - ::group::Post task execution logs
[2025-10-08T14:54:29.838+0000] {taskinstance.py:1206} INFO - Marking task as SUCCESS. dag_id=Airflow_depi, task_id=print_date, run_id=scheduled__2025-10-01T00:25:00+00:00, execution_date=20251001T002500, start_date=20251008T145426, end_date=20251008T145429
[2025-10-08T14:54:30.537+0000] {local_task_job_runner.py:240} INFO - Task exited with return code 0
[2025-10-08T14:54:31.255+0000] {taskinstance.py:3503} INFO - 1 downstream tasks scheduled from follow-on schedule check
[2025-10-08T14:54:31.280+0000] {local_task_job_runner.py:222} INFO - ::endgroup::
