[2025-10-08T14:55:06.839+0000] {local_task_job_runner.py:120} INFO - ::group::Pre task execution logs
[2025-10-08T14:55:07.408+0000] {taskinstance.py:2076} INFO - Dependencies all met for dep_context=non-requeueable deps ti=<TaskInstance: Airflow_depi.print_hello scheduled__2025-10-01T00:20:00+00:00 [queued]>
[2025-10-08T14:55:07.574+0000] {taskinstance.py:2076} INFO - Dependencies all met for dep_context=requeueable deps ti=<TaskInstance: Airflow_depi.print_hello scheduled__2025-10-01T00:20:00+00:00 [queued]>
[2025-10-08T14:55:07.576+0000] {taskinstance.py:2306} INFO - Starting attempt 1 of 1
[2025-10-08T14:55:08.017+0000] {taskinstance.py:2330} INFO - Executing <Task(PythonOperator): print_hello> on 2025-10-01 00:20:00+00:00
[2025-10-08T14:55:08.655+0000] {warnings.py:112} WARNING - /home/***/.local/lib/python3.12/site-packages/***/task/task_runner/standard_task_runner.py:61: DeprecationWarning: This process (pid=176) is multi-threaded, use of fork() may lead to deadlocks in the child.
  pid = os.fork()

[2025-10-08T14:55:08.662+0000] {standard_task_runner.py:63} INFO - Started process 218 to run task
[2025-10-08T14:55:08.669+0000] {standard_task_runner.py:90} INFO - Running: ['***', 'tasks', 'run', 'Airflow_depi', 'print_hello', 'scheduled__2025-10-01T00:20:00+00:00', '--job-id', '38', '--raw', '--subdir', 'DAGS_FOLDER/dag.py', '--cfg-path', '/tmp/tmpolfh5b1z']
[2025-10-08T14:55:08.684+0000] {standard_task_runner.py:91} INFO - Job 38: Subtask print_hello
[2025-10-08T14:55:08.869+0000] {warnings.py:112} WARNING - /home/***/.local/lib/python3.12/site-packages/***/settings.py:195: DeprecationWarning: The sql_alchemy_conn option in [core] has been moved to the sql_alchemy_conn option in [database] - the old setting has been used, but please update your config.
  SQL_ALCHEMY_CONN = conf.get("database", "SQL_ALCHEMY_CONN")

[2025-10-08T14:55:09.833+0000] {task_command.py:426} INFO - Running <TaskInstance: Airflow_depi.print_hello scheduled__2025-10-01T00:20:00+00:00 [running]> on host 48b3f47b7e55
[2025-10-08T14:55:12.015+0000] {taskinstance.py:2648} INFO - Exporting env vars: AIRFLOW_CTX_DAG_OWNER='***' AIRFLOW_CTX_DAG_ID='Airflow_depi' AIRFLOW_CTX_TASK_ID='print_hello' AIRFLOW_CTX_EXECUTION_DATE='2025-10-01T00:20:00+00:00' AIRFLOW_CTX_TRY_NUMBER='1' AIRFLOW_CTX_DAG_RUN_ID='scheduled__2025-10-01T00:20:00+00:00'
[2025-10-08T14:55:12.023+0000] {taskinstance.py:430} INFO - ::endgroup::
[2025-10-08T14:55:12.026+0000] {logging_mixin.py:188} INFO - Hello, Ahmed Helmy
[2025-10-08T14:55:12.027+0000] {python.py:237} INFO - Done. Returned value was: None
[2025-10-08T14:55:12.033+0000] {taskinstance.py:441} INFO - ::group::Post task execution logs
[2025-10-08T14:55:12.330+0000] {taskinstance.py:1206} INFO - Marking task as SUCCESS. dag_id=Airflow_depi, task_id=print_hello, run_id=scheduled__2025-10-01T00:20:00+00:00, execution_date=20251001T002000, start_date=20251008T145507, end_date=20251008T145512
[2025-10-08T14:55:13.446+0000] {local_task_job_runner.py:240} INFO - Task exited with return code 0
[2025-10-08T14:55:13.654+0000] {taskinstance.py:3503} INFO - 1 downstream tasks scheduled from follow-on schedule check
[2025-10-08T14:55:13.665+0000] {local_task_job_runner.py:222} INFO - ::endgroup::
