[2025-10-08T15:04:41.263+0000] {local_task_job_runner.py:120} INFO - ::group::Pre task execution logs
[2025-10-08T15:04:41.531+0000] {taskinstance.py:2076} INFO - Dependencies all met for dep_context=non-requeueable deps ti=<TaskInstance: Airflow_depi.print_date scheduled__2025-10-01T01:10:00+00:00 [queued]>
[2025-10-08T15:04:41.655+0000] {taskinstance.py:2076} INFO - Dependencies all met for dep_context=requeueable deps ti=<TaskInstance: Airflow_depi.print_date scheduled__2025-10-01T01:10:00+00:00 [queued]>
[2025-10-08T15:04:41.657+0000] {taskinstance.py:2306} INFO - Starting attempt 1 of 1
[2025-10-08T15:04:41.767+0000] {taskinstance.py:2330} INFO - Executing <Task(BashOperator): print_date> on 2025-10-01 01:10:00+00:00
[2025-10-08T15:04:41.841+0000] {warnings.py:112} WARNING - /home/***/.local/lib/python3.12/site-packages/***/task/task_runner/standard_task_runner.py:61: DeprecationWarning: This process (pid=642) is multi-threaded, use of fork() may lead to deadlocks in the child.
  pid = os.fork()

[2025-10-08T15:04:41.855+0000] {standard_task_runner.py:63} INFO - Started process 669 to run task
[2025-10-08T15:04:41.859+0000] {standard_task_runner.py:90} INFO - Running: ['***', 'tasks', 'run', 'Airflow_depi', 'print_date', 'scheduled__2025-10-01T01:10:00+00:00', '--job-id', '180', '--raw', '--subdir', 'DAGS_FOLDER/dag.py', '--cfg-path', '/tmp/tmpwb8ihptc']
[2025-10-08T15:04:41.880+0000] {standard_task_runner.py:91} INFO - Job 180: Subtask print_date
[2025-10-08T15:04:41.979+0000] {warnings.py:112} WARNING - /home/***/.local/lib/python3.12/site-packages/***/settings.py:195: DeprecationWarning: The sql_alchemy_conn option in [core] has been moved to the sql_alchemy_conn option in [database] - the old setting has been used, but please update your config.
  SQL_ALCHEMY_CONN = conf.get("database", "SQL_ALCHEMY_CONN")

[2025-10-08T15:04:42.392+0000] {task_command.py:426} INFO - Running <TaskInstance: Airflow_depi.print_date scheduled__2025-10-01T01:10:00+00:00 [running]> on host 48b3f47b7e55
[2025-10-08T15:04:43.994+0000] {taskinstance.py:2648} INFO - Exporting env vars: AIRFLOW_CTX_DAG_OWNER='***' AIRFLOW_CTX_DAG_ID='Airflow_depi' AIRFLOW_CTX_TASK_ID='print_date' AIRFLOW_CTX_EXECUTION_DATE='2025-10-01T01:10:00+00:00' AIRFLOW_CTX_TRY_NUMBER='1' AIRFLOW_CTX_DAG_RUN_ID='scheduled__2025-10-01T01:10:00+00:00'
[2025-10-08T15:04:44.002+0000] {taskinstance.py:430} INFO - ::endgroup::
[2025-10-08T15:04:44.007+0000] {subprocess.py:63} INFO - Tmp dir root location: /tmp
[2025-10-08T15:04:44.010+0000] {subprocess.py:75} INFO - Running command: ['/usr/bin/bash', '-c', 'date']
[2025-10-08T15:04:44.172+0000] {subprocess.py:86} INFO - Output:
[2025-10-08T15:04:44.200+0000] {subprocess.py:93} INFO - Wed Oct  8 15:04:44 UTC 2025
[2025-10-08T15:04:44.203+0000] {subprocess.py:97} INFO - Command exited with return code 0
[2025-10-08T15:04:44.207+0000] {taskinstance.py:441} INFO - ::group::Post task execution logs
[2025-10-08T15:04:44.651+0000] {taskinstance.py:1206} INFO - Marking task as SUCCESS. dag_id=Airflow_depi, task_id=print_date, run_id=scheduled__2025-10-01T01:10:00+00:00, execution_date=20251001T011000, start_date=20251008T150441, end_date=20251008T150444
[2025-10-08T15:04:44.887+0000] {local_task_job_runner.py:240} INFO - Task exited with return code 0
[2025-10-08T15:04:45.099+0000] {taskinstance.py:3503} INFO - 1 downstream tasks scheduled from follow-on schedule check
[2025-10-08T15:04:45.123+0000] {local_task_job_runner.py:222} INFO - ::endgroup::
