[2025-10-07T15:43:32.964+0000] {processor.py:161} INFO - Started process (PID=2031) to work on /opt/airflow/dags/dag.py
[2025-10-07T15:43:32.968+0000] {processor.py:830} INFO - Processing file /opt/airflow/dags/dag.py for tasks to queue
[2025-10-07T15:43:32.972+0000] {logging_mixin.py:188} INFO - [2025-10-07T15:43:32.970+0000] {dagbag.py:545} INFO - Filling up the DagBag from /opt/airflow/dags/dag.py
[2025-10-07T15:43:32.996+0000] {processor.py:840} INFO - DAG(s) 'dag1' retrieved from /opt/airflow/dags/dag.py
[2025-10-07T15:43:33.593+0000] {logging_mixin.py:188} INFO - [2025-10-07T15:43:33.591+0000] {override.py:1829} INFO - Created Permission View: can edit on DAG:dag1
[2025-10-07T15:43:33.621+0000] {logging_mixin.py:188} INFO - [2025-10-07T15:43:33.621+0000] {override.py:1829} INFO - Created Permission View: can read on DAG:dag1
[2025-10-07T15:43:33.642+0000] {logging_mixin.py:188} INFO - [2025-10-07T15:43:33.641+0000] {override.py:1829} INFO - Created Permission View: can delete on DAG:dag1
[2025-10-07T15:43:33.644+0000] {logging_mixin.py:188} INFO - [2025-10-07T15:43:33.643+0000] {dag.py:3096} INFO - Sync 1 DAGs
[2025-10-07T15:43:33.686+0000] {logging_mixin.py:188} INFO - [2025-10-07T15:43:33.685+0000] {dag.py:3118} INFO - Creating ORM DAG for dag1
[2025-10-07T15:43:33.718+0000] {logging_mixin.py:188} INFO - [2025-10-07T15:43:33.718+0000] {dag.py:3954} INFO - Setting next_dagrun for dag1 to 2025-10-07 00:00:00+00:00, run_after=2025-10-08 00:00:00+00:00
[2025-10-07T15:43:33.787+0000] {processor.py:183} INFO - Processing /opt/airflow/dags/dag.py took 0.848 seconds
[2025-10-07T15:44:04.093+0000] {processor.py:161} INFO - Started process (PID=2084) to work on /opt/airflow/dags/dag.py
[2025-10-07T15:44:04.097+0000] {processor.py:830} INFO - Processing file /opt/airflow/dags/dag.py for tasks to queue
[2025-10-07T15:44:04.101+0000] {logging_mixin.py:188} INFO - [2025-10-07T15:44:04.099+0000] {dagbag.py:545} INFO - Filling up the DagBag from /opt/airflow/dags/dag.py
[2025-10-07T15:44:04.137+0000] {processor.py:840} INFO - DAG(s) 'dag1' retrieved from /opt/airflow/dags/dag.py
[2025-10-07T15:44:04.231+0000] {logging_mixin.py:188} INFO - [2025-10-07T15:44:04.230+0000] {dag.py:3096} INFO - Sync 1 DAGs
[2025-10-07T15:44:04.380+0000] {logging_mixin.py:188} INFO - [2025-10-07T15:44:04.379+0000] {dag.py:3954} INFO - Setting next_dagrun for dag1 to 2025-10-07 00:00:00+00:00, run_after=2025-10-08 00:00:00+00:00
[2025-10-07T15:44:04.510+0000] {processor.py:183} INFO - Processing /opt/airflow/dags/dag.py took 0.452 seconds
[2025-10-07T15:44:34.650+0000] {processor.py:161} INFO - Started process (PID=2137) to work on /opt/airflow/dags/dag.py
[2025-10-07T15:44:34.651+0000] {processor.py:830} INFO - Processing file /opt/airflow/dags/dag.py for tasks to queue
[2025-10-07T15:44:34.652+0000] {logging_mixin.py:188} INFO - [2025-10-07T15:44:34.651+0000] {dagbag.py:545} INFO - Filling up the DagBag from /opt/airflow/dags/dag.py
[2025-10-07T15:44:34.658+0000] {processor.py:840} INFO - DAG(s) 'dag1' retrieved from /opt/airflow/dags/dag.py
[2025-10-07T15:44:34.679+0000] {logging_mixin.py:188} INFO - [2025-10-07T15:44:34.678+0000] {dag.py:3096} INFO - Sync 1 DAGs
[2025-10-07T15:44:34.713+0000] {logging_mixin.py:188} INFO - [2025-10-07T15:44:34.712+0000] {dag.py:3954} INFO - Setting next_dagrun for dag1 to 2025-10-07 00:00:00+00:00, run_after=2025-10-08 00:00:00+00:00
[2025-10-07T15:44:34.742+0000] {processor.py:183} INFO - Processing /opt/airflow/dags/dag.py took 0.097 seconds
[2025-10-07T15:45:05.296+0000] {processor.py:161} INFO - Started process (PID=2190) to work on /opt/airflow/dags/dag.py
[2025-10-07T15:45:05.297+0000] {processor.py:830} INFO - Processing file /opt/airflow/dags/dag.py for tasks to queue
[2025-10-07T15:45:05.297+0000] {logging_mixin.py:188} INFO - [2025-10-07T15:45:05.297+0000] {dagbag.py:545} INFO - Filling up the DagBag from /opt/airflow/dags/dag.py
[2025-10-07T15:45:05.301+0000] {processor.py:840} INFO - DAG(s) 'dag1' retrieved from /opt/airflow/dags/dag.py
[2025-10-07T15:45:05.318+0000] {logging_mixin.py:188} INFO - [2025-10-07T15:45:05.318+0000] {dag.py:3096} INFO - Sync 1 DAGs
[2025-10-07T15:45:05.347+0000] {logging_mixin.py:188} INFO - [2025-10-07T15:45:05.346+0000] {dag.py:3954} INFO - Setting next_dagrun for dag1 to 2025-10-07 00:00:00+00:00, run_after=2025-10-08 00:00:00+00:00
[2025-10-07T15:45:05.434+0000] {processor.py:183} INFO - Processing /opt/airflow/dags/dag.py took 0.142 seconds
[2025-10-07T15:48:32.881+0000] {processor.py:161} INFO - Started process (PID=2553) to work on /opt/airflow/dags/dag.py
[2025-10-07T15:48:32.883+0000] {processor.py:830} INFO - Processing file /opt/airflow/dags/dag.py for tasks to queue
[2025-10-07T15:48:32.886+0000] {logging_mixin.py:188} INFO - [2025-10-07T15:48:32.885+0000] {dagbag.py:545} INFO - Filling up the DagBag from /opt/airflow/dags/dag.py
[2025-10-07T15:48:32.908+0000] {processor.py:840} INFO - DAG(s) 'dag1' retrieved from /opt/airflow/dags/dag.py
[2025-10-07T15:48:33.226+0000] {logging_mixin.py:188} INFO - [2025-10-07T15:48:33.225+0000] {dag.py:3096} INFO - Sync 1 DAGs
[2025-10-07T15:48:33.297+0000] {logging_mixin.py:188} INFO - [2025-10-07T15:48:33.296+0000] {dag.py:3954} INFO - Setting next_dagrun for dag1 to 2025-10-07 15:47:00+00:00, run_after=2025-10-07 15:48:00+00:00
[2025-10-07T15:48:33.373+0000] {processor.py:183} INFO - Processing /opt/airflow/dags/dag.py took 0.511 seconds
[2025-10-07T15:49:03.613+0000] {processor.py:161} INFO - Started process (PID=2607) to work on /opt/airflow/dags/dag.py
[2025-10-07T15:49:03.619+0000] {processor.py:830} INFO - Processing file /opt/airflow/dags/dag.py for tasks to queue
[2025-10-07T15:49:03.623+0000] {logging_mixin.py:188} INFO - [2025-10-07T15:49:03.622+0000] {dagbag.py:545} INFO - Filling up the DagBag from /opt/airflow/dags/dag.py
[2025-10-07T15:49:03.648+0000] {processor.py:840} INFO - DAG(s) 'dag1' retrieved from /opt/airflow/dags/dag.py
[2025-10-07T15:49:03.724+0000] {logging_mixin.py:188} INFO - [2025-10-07T15:49:03.723+0000] {dag.py:3096} INFO - Sync 1 DAGs
[2025-10-07T15:49:03.853+0000] {logging_mixin.py:188} INFO - [2025-10-07T15:49:03.852+0000] {dag.py:3954} INFO - Setting next_dagrun for dag1 to 2025-10-07 15:48:00+00:00, run_after=2025-10-07 15:49:00+00:00
[2025-10-07T15:49:03.996+0000] {processor.py:183} INFO - Processing /opt/airflow/dags/dag.py took 0.401 seconds
[2025-10-07T15:49:34.423+0000] {processor.py:161} INFO - Started process (PID=2660) to work on /opt/airflow/dags/dag.py
[2025-10-07T15:49:34.484+0000] {processor.py:830} INFO - Processing file /opt/airflow/dags/dag.py for tasks to queue
[2025-10-07T15:49:34.486+0000] {logging_mixin.py:188} INFO - [2025-10-07T15:49:34.486+0000] {dagbag.py:545} INFO - Filling up the DagBag from /opt/airflow/dags/dag.py
[2025-10-07T15:49:34.504+0000] {processor.py:840} INFO - DAG(s) 'dag1' retrieved from /opt/airflow/dags/dag.py
[2025-10-07T15:49:34.570+0000] {logging_mixin.py:188} INFO - [2025-10-07T15:49:34.568+0000] {dag.py:3096} INFO - Sync 1 DAGs
[2025-10-07T15:49:34.681+0000] {logging_mixin.py:188} INFO - [2025-10-07T15:49:34.680+0000] {dag.py:3954} INFO - Setting next_dagrun for dag1 to 2025-10-07 15:48:00+00:00, run_after=2025-10-07 15:49:00+00:00
[2025-10-07T15:49:34.810+0000] {processor.py:183} INFO - Processing /opt/airflow/dags/dag.py took 0.406 seconds
[2025-10-07T15:50:05.689+0000] {processor.py:161} INFO - Started process (PID=2713) to work on /opt/airflow/dags/dag.py
[2025-10-07T15:50:05.694+0000] {processor.py:830} INFO - Processing file /opt/airflow/dags/dag.py for tasks to queue
[2025-10-07T15:50:05.698+0000] {logging_mixin.py:188} INFO - [2025-10-07T15:50:05.696+0000] {dagbag.py:545} INFO - Filling up the DagBag from /opt/airflow/dags/dag.py
[2025-10-07T15:50:05.721+0000] {processor.py:840} INFO - DAG(s) 'dag1' retrieved from /opt/airflow/dags/dag.py
[2025-10-07T15:50:05.782+0000] {logging_mixin.py:188} INFO - [2025-10-07T15:50:05.782+0000] {dag.py:3096} INFO - Sync 1 DAGs
[2025-10-07T15:50:05.867+0000] {logging_mixin.py:188} INFO - [2025-10-07T15:50:05.866+0000] {dag.py:3954} INFO - Setting next_dagrun for dag1 to 2025-10-07 15:50:00+00:00, run_after=2025-10-07 15:51:00+00:00
[2025-10-07T15:50:05.956+0000] {processor.py:183} INFO - Processing /opt/airflow/dags/dag.py took 0.293 seconds
[2025-10-07T15:50:36.368+0000] {processor.py:161} INFO - Started process (PID=2766) to work on /opt/airflow/dags/dag.py
[2025-10-07T15:50:36.419+0000] {processor.py:830} INFO - Processing file /opt/airflow/dags/dag.py for tasks to queue
[2025-10-07T15:50:36.420+0000] {logging_mixin.py:188} INFO - [2025-10-07T15:50:36.420+0000] {dagbag.py:545} INFO - Filling up the DagBag from /opt/airflow/dags/dag.py
[2025-10-07T15:50:36.428+0000] {processor.py:840} INFO - DAG(s) 'dag1' retrieved from /opt/airflow/dags/dag.py
[2025-10-07T15:50:36.457+0000] {logging_mixin.py:188} INFO - [2025-10-07T15:50:36.457+0000] {dag.py:3096} INFO - Sync 1 DAGs
[2025-10-07T15:50:36.542+0000] {logging_mixin.py:188} INFO - [2025-10-07T15:50:36.541+0000] {dag.py:3954} INFO - Setting next_dagrun for dag1 to 2025-10-07 15:50:00+00:00, run_after=2025-10-07 15:51:00+00:00
[2025-10-07T15:50:36.663+0000] {processor.py:183} INFO - Processing /opt/airflow/dags/dag.py took 0.301 seconds
[2025-10-07T15:51:07.422+0000] {processor.py:161} INFO - Started process (PID=2819) to work on /opt/airflow/dags/dag.py
[2025-10-07T15:51:07.482+0000] {processor.py:830} INFO - Processing file /opt/airflow/dags/dag.py for tasks to queue
[2025-10-07T15:51:07.483+0000] {logging_mixin.py:188} INFO - [2025-10-07T15:51:07.483+0000] {dagbag.py:545} INFO - Filling up the DagBag from /opt/airflow/dags/dag.py
[2025-10-07T15:51:07.489+0000] {processor.py:840} INFO - DAG(s) 'dag1' retrieved from /opt/airflow/dags/dag.py
[2025-10-07T15:51:07.516+0000] {logging_mixin.py:188} INFO - [2025-10-07T15:51:07.515+0000] {dag.py:3096} INFO - Sync 1 DAGs
[2025-10-07T15:51:07.574+0000] {logging_mixin.py:188} INFO - [2025-10-07T15:51:07.573+0000] {dag.py:3954} INFO - Setting next_dagrun for dag1 to 2025-10-07 15:51:00+00:00, run_after=2025-10-07 15:52:00+00:00
[2025-10-07T15:51:07.633+0000] {processor.py:183} INFO - Processing /opt/airflow/dags/dag.py took 0.217 seconds
[2025-10-07T15:51:37.999+0000] {processor.py:161} INFO - Started process (PID=2872) to work on /opt/airflow/dags/dag.py
[2025-10-07T15:51:38.051+0000] {processor.py:830} INFO - Processing file /opt/airflow/dags/dag.py for tasks to queue
[2025-10-07T15:51:38.052+0000] {logging_mixin.py:188} INFO - [2025-10-07T15:51:38.051+0000] {dagbag.py:545} INFO - Filling up the DagBag from /opt/airflow/dags/dag.py
[2025-10-07T15:51:38.057+0000] {processor.py:840} INFO - DAG(s) 'dag1' retrieved from /opt/airflow/dags/dag.py
[2025-10-07T15:51:38.076+0000] {logging_mixin.py:188} INFO - [2025-10-07T15:51:38.076+0000] {dag.py:3096} INFO - Sync 1 DAGs
[2025-10-07T15:51:38.111+0000] {logging_mixin.py:188} INFO - [2025-10-07T15:51:38.110+0000] {dag.py:3954} INFO - Setting next_dagrun for dag1 to 2025-10-07 15:51:00+00:00, run_after=2025-10-07 15:52:00+00:00
[2025-10-07T15:51:38.146+0000] {processor.py:183} INFO - Processing /opt/airflow/dags/dag.py took 0.152 seconds
[2025-10-07T15:52:08.762+0000] {processor.py:161} INFO - Started process (PID=2925) to work on /opt/airflow/dags/dag.py
[2025-10-07T15:52:08.811+0000] {processor.py:830} INFO - Processing file /opt/airflow/dags/dag.py for tasks to queue
[2025-10-07T15:52:08.812+0000] {logging_mixin.py:188} INFO - [2025-10-07T15:52:08.811+0000] {dagbag.py:545} INFO - Filling up the DagBag from /opt/airflow/dags/dag.py
[2025-10-07T15:52:08.820+0000] {processor.py:840} INFO - DAG(s) 'dag1' retrieved from /opt/airflow/dags/dag.py
[2025-10-07T15:52:08.848+0000] {logging_mixin.py:188} INFO - [2025-10-07T15:52:08.848+0000] {dag.py:3096} INFO - Sync 1 DAGs
[2025-10-07T15:52:08.922+0000] {logging_mixin.py:188} INFO - [2025-10-07T15:52:08.921+0000] {dag.py:3954} INFO - Setting next_dagrun for dag1 to 2025-10-07 15:51:00+00:00, run_after=2025-10-07 15:52:00+00:00
[2025-10-07T15:52:08.988+0000] {processor.py:183} INFO - Processing /opt/airflow/dags/dag.py took 0.233 seconds
[2025-10-07T15:52:39.416+0000] {processor.py:161} INFO - Started process (PID=2978) to work on /opt/airflow/dags/dag.py
[2025-10-07T15:52:39.443+0000] {processor.py:830} INFO - Processing file /opt/airflow/dags/dag.py for tasks to queue
[2025-10-07T15:52:39.446+0000] {logging_mixin.py:188} INFO - [2025-10-07T15:52:39.445+0000] {dagbag.py:545} INFO - Filling up the DagBag from /opt/airflow/dags/dag.py
[2025-10-07T15:52:39.468+0000] {processor.py:840} INFO - DAG(s) 'dag1' retrieved from /opt/airflow/dags/dag.py
[2025-10-07T15:52:39.523+0000] {logging_mixin.py:188} INFO - [2025-10-07T15:52:39.522+0000] {dag.py:3096} INFO - Sync 1 DAGs
[2025-10-07T15:52:39.628+0000] {logging_mixin.py:188} INFO - [2025-10-07T15:52:39.626+0000] {dag.py:3954} INFO - Setting next_dagrun for dag1 to 2025-10-07 15:52:00+00:00, run_after=2025-10-07 15:53:00+00:00
[2025-10-07T15:52:39.761+0000] {processor.py:183} INFO - Processing /opt/airflow/dags/dag.py took 0.365 seconds
[2025-10-07T15:53:10.254+0000] {processor.py:161} INFO - Started process (PID=3031) to work on /opt/airflow/dags/dag.py
[2025-10-07T15:53:10.317+0000] {processor.py:830} INFO - Processing file /opt/airflow/dags/dag.py for tasks to queue
[2025-10-07T15:53:10.321+0000] {logging_mixin.py:188} INFO - [2025-10-07T15:53:10.319+0000] {dagbag.py:545} INFO - Filling up the DagBag from /opt/airflow/dags/dag.py
[2025-10-07T15:53:10.343+0000] {processor.py:840} INFO - DAG(s) 'dag1' retrieved from /opt/airflow/dags/dag.py
[2025-10-07T15:53:10.389+0000] {logging_mixin.py:188} INFO - [2025-10-07T15:53:10.388+0000] {dag.py:3096} INFO - Sync 1 DAGs
[2025-10-07T15:53:10.460+0000] {logging_mixin.py:188} INFO - [2025-10-07T15:53:10.459+0000] {dag.py:3954} INFO - Setting next_dagrun for dag1 to 2025-10-07 15:53:00+00:00, run_after=2025-10-07 15:54:00+00:00
[2025-10-07T15:53:10.573+0000] {processor.py:183} INFO - Processing /opt/airflow/dags/dag.py took 0.342 seconds
[2025-10-07T15:53:41.019+0000] {processor.py:161} INFO - Started process (PID=3084) to work on /opt/airflow/dags/dag.py
[2025-10-07T15:53:41.065+0000] {processor.py:830} INFO - Processing file /opt/airflow/dags/dag.py for tasks to queue
[2025-10-07T15:53:41.067+0000] {logging_mixin.py:188} INFO - [2025-10-07T15:53:41.066+0000] {dagbag.py:545} INFO - Filling up the DagBag from /opt/airflow/dags/dag.py
[2025-10-07T15:53:41.082+0000] {processor.py:840} INFO - DAG(s) 'dag1' retrieved from /opt/airflow/dags/dag.py
[2025-10-07T15:53:41.129+0000] {logging_mixin.py:188} INFO - [2025-10-07T15:53:41.128+0000] {dag.py:3096} INFO - Sync 1 DAGs
[2025-10-07T15:53:41.186+0000] {logging_mixin.py:188} INFO - [2025-10-07T15:53:41.185+0000] {dag.py:3954} INFO - Setting next_dagrun for dag1 to 2025-10-07 15:53:00+00:00, run_after=2025-10-07 15:54:00+00:00
[2025-10-07T15:53:41.283+0000] {processor.py:183} INFO - Processing /opt/airflow/dags/dag.py took 0.278 seconds
[2025-10-07T15:54:11.419+0000] {processor.py:161} INFO - Started process (PID=3137) to work on /opt/airflow/dags/dag.py
[2025-10-07T15:54:11.482+0000] {processor.py:830} INFO - Processing file /opt/airflow/dags/dag.py for tasks to queue
[2025-10-07T15:54:11.485+0000] {logging_mixin.py:188} INFO - [2025-10-07T15:54:11.484+0000] {dagbag.py:545} INFO - Filling up the DagBag from /opt/airflow/dags/dag.py
[2025-10-07T15:54:11.505+0000] {processor.py:840} INFO - DAG(s) 'dag1' retrieved from /opt/airflow/dags/dag.py
[2025-10-07T15:54:11.562+0000] {logging_mixin.py:188} INFO - [2025-10-07T15:54:11.561+0000] {dag.py:3096} INFO - Sync 1 DAGs
[2025-10-07T15:54:11.645+0000] {logging_mixin.py:188} INFO - [2025-10-07T15:54:11.644+0000] {dag.py:3954} INFO - Setting next_dagrun for dag1 to 2025-10-07 15:54:00+00:00, run_after=2025-10-07 15:55:00+00:00
[2025-10-07T15:54:11.768+0000] {processor.py:183} INFO - Processing /opt/airflow/dags/dag.py took 0.369 seconds
[2025-10-07T15:54:41.893+0000] {processor.py:161} INFO - Started process (PID=3204) to work on /opt/airflow/dags/dag.py
[2025-10-07T15:54:41.894+0000] {processor.py:830} INFO - Processing file /opt/airflow/dags/dag.py for tasks to queue
[2025-10-07T15:54:41.896+0000] {logging_mixin.py:188} INFO - [2025-10-07T15:54:41.895+0000] {dagbag.py:545} INFO - Filling up the DagBag from /opt/airflow/dags/dag.py
[2025-10-07T15:54:41.904+0000] {processor.py:840} INFO - DAG(s) 'dag1' retrieved from /opt/airflow/dags/dag.py
[2025-10-07T15:54:41.943+0000] {logging_mixin.py:188} INFO - [2025-10-07T15:54:41.942+0000] {dag.py:3096} INFO - Sync 1 DAGs
[2025-10-07T15:54:42.030+0000] {logging_mixin.py:188} INFO - [2025-10-07T15:54:42.029+0000] {dag.py:3954} INFO - Setting next_dagrun for dag1 to 2025-10-07 15:54:00+00:00, run_after=2025-10-07 15:55:00+00:00
[2025-10-07T15:54:42.087+0000] {processor.py:183} INFO - Processing /opt/airflow/dags/dag.py took 0.201 seconds
[2025-10-07T15:55:12.238+0000] {processor.py:161} INFO - Started process (PID=3257) to work on /opt/airflow/dags/dag.py
[2025-10-07T15:55:12.300+0000] {processor.py:830} INFO - Processing file /opt/airflow/dags/dag.py for tasks to queue
[2025-10-07T15:55:12.304+0000] {logging_mixin.py:188} INFO - [2025-10-07T15:55:12.301+0000] {dagbag.py:545} INFO - Filling up the DagBag from /opt/airflow/dags/dag.py
[2025-10-07T15:55:12.321+0000] {processor.py:840} INFO - DAG(s) 'dag1' retrieved from /opt/airflow/dags/dag.py
[2025-10-07T15:55:12.448+0000] {logging_mixin.py:188} INFO - [2025-10-07T15:55:12.446+0000] {dag.py:3096} INFO - Sync 1 DAGs
[2025-10-07T15:55:12.612+0000] {logging_mixin.py:188} INFO - [2025-10-07T15:55:12.612+0000] {dag.py:3954} INFO - Setting next_dagrun for dag1 to 2025-10-07 15:55:00+00:00, run_after=2025-10-07 15:56:00+00:00
[2025-10-07T15:55:12.662+0000] {processor.py:183} INFO - Processing /opt/airflow/dags/dag.py took 0.430 seconds
[2025-10-07T15:55:42.707+0000] {processor.py:161} INFO - Started process (PID=3310) to work on /opt/airflow/dags/dag.py
[2025-10-07T15:55:42.760+0000] {processor.py:830} INFO - Processing file /opt/airflow/dags/dag.py for tasks to queue
[2025-10-07T15:55:42.761+0000] {logging_mixin.py:188} INFO - [2025-10-07T15:55:42.761+0000] {dagbag.py:545} INFO - Filling up the DagBag from /opt/airflow/dags/dag.py
[2025-10-07T15:55:42.765+0000] {processor.py:840} INFO - DAG(s) 'dag1' retrieved from /opt/airflow/dags/dag.py
[2025-10-07T15:55:42.781+0000] {logging_mixin.py:188} INFO - [2025-10-07T15:55:42.780+0000] {dag.py:3096} INFO - Sync 1 DAGs
[2025-10-07T15:55:42.806+0000] {logging_mixin.py:188} INFO - [2025-10-07T15:55:42.806+0000] {dag.py:3954} INFO - Setting next_dagrun for dag1 to 2025-10-07 15:55:00+00:00, run_after=2025-10-07 15:56:00+00:00
[2025-10-07T15:55:42.831+0000] {processor.py:183} INFO - Processing /opt/airflow/dags/dag.py took 0.128 seconds
[2025-10-07T15:56:13.094+0000] {processor.py:161} INFO - Started process (PID=3363) to work on /opt/airflow/dags/dag.py
[2025-10-07T15:56:13.095+0000] {processor.py:830} INFO - Processing file /opt/airflow/dags/dag.py for tasks to queue
[2025-10-07T15:56:13.096+0000] {logging_mixin.py:188} INFO - [2025-10-07T15:56:13.095+0000] {dagbag.py:545} INFO - Filling up the DagBag from /opt/airflow/dags/dag.py
[2025-10-07T15:56:13.101+0000] {processor.py:840} INFO - DAG(s) 'dag1' retrieved from /opt/airflow/dags/dag.py
[2025-10-07T15:56:13.119+0000] {logging_mixin.py:188} INFO - [2025-10-07T15:56:13.119+0000] {dag.py:3096} INFO - Sync 1 DAGs
[2025-10-07T15:56:13.157+0000] {logging_mixin.py:188} INFO - [2025-10-07T15:56:13.157+0000] {dag.py:3954} INFO - Setting next_dagrun for dag1 to 2025-10-07 15:56:00+00:00, run_after=2025-10-07 15:57:00+00:00
[2025-10-07T15:56:13.208+0000] {processor.py:183} INFO - Processing /opt/airflow/dags/dag.py took 0.119 seconds
[2025-10-07T15:56:43.281+0000] {processor.py:161} INFO - Started process (PID=3414) to work on /opt/airflow/dags/dag.py
[2025-10-07T15:56:43.282+0000] {processor.py:830} INFO - Processing file /opt/airflow/dags/dag.py for tasks to queue
[2025-10-07T15:56:43.283+0000] {logging_mixin.py:188} INFO - [2025-10-07T15:56:43.282+0000] {dagbag.py:545} INFO - Filling up the DagBag from /opt/airflow/dags/dag.py
[2025-10-07T15:56:43.292+0000] {processor.py:840} INFO - DAG(s) 'dag1' retrieved from /opt/airflow/dags/dag.py
[2025-10-07T15:56:43.324+0000] {logging_mixin.py:188} INFO - [2025-10-07T15:56:43.323+0000] {dag.py:3096} INFO - Sync 1 DAGs
[2025-10-07T15:56:43.383+0000] {logging_mixin.py:188} INFO - [2025-10-07T15:56:43.383+0000] {dag.py:3954} INFO - Setting next_dagrun for dag1 to 2025-10-07 15:56:00+00:00, run_after=2025-10-07 15:57:00+00:00
[2025-10-07T15:56:43.422+0000] {processor.py:183} INFO - Processing /opt/airflow/dags/dag.py took 0.152 seconds
[2025-10-07T15:57:13.608+0000] {processor.py:161} INFO - Started process (PID=3475) to work on /opt/airflow/dags/dag.py
[2025-10-07T15:57:13.609+0000] {processor.py:830} INFO - Processing file /opt/airflow/dags/dag.py for tasks to queue
[2025-10-07T15:57:13.609+0000] {logging_mixin.py:188} INFO - [2025-10-07T15:57:13.609+0000] {dagbag.py:545} INFO - Filling up the DagBag from /opt/airflow/dags/dag.py
[2025-10-07T15:57:13.616+0000] {processor.py:840} INFO - DAG(s) 'dag1' retrieved from /opt/airflow/dags/dag.py
[2025-10-07T15:57:13.637+0000] {logging_mixin.py:188} INFO - [2025-10-07T15:57:13.637+0000] {dag.py:3096} INFO - Sync 1 DAGs
[2025-10-07T15:57:13.676+0000] {logging_mixin.py:188} INFO - [2025-10-07T15:57:13.675+0000] {dag.py:3954} INFO - Setting next_dagrun for dag1 to 2025-10-07 15:57:00+00:00, run_after=2025-10-07 15:58:00+00:00
[2025-10-07T15:57:13.708+0000] {processor.py:183} INFO - Processing /opt/airflow/dags/dag.py took 0.106 seconds
[2025-10-07T15:57:44.135+0000] {processor.py:161} INFO - Started process (PID=3528) to work on /opt/airflow/dags/dag.py
[2025-10-07T15:57:44.136+0000] {processor.py:830} INFO - Processing file /opt/airflow/dags/dag.py for tasks to queue
[2025-10-07T15:57:44.136+0000] {logging_mixin.py:188} INFO - [2025-10-07T15:57:44.136+0000] {dagbag.py:545} INFO - Filling up the DagBag from /opt/airflow/dags/dag.py
[2025-10-07T15:57:44.142+0000] {processor.py:840} INFO - DAG(s) 'dag1' retrieved from /opt/airflow/dags/dag.py
[2025-10-07T15:57:44.162+0000] {logging_mixin.py:188} INFO - [2025-10-07T15:57:44.161+0000] {dag.py:3096} INFO - Sync 1 DAGs
[2025-10-07T15:57:44.197+0000] {logging_mixin.py:188} INFO - [2025-10-07T15:57:44.196+0000] {dag.py:3954} INFO - Setting next_dagrun for dag1 to 2025-10-07 15:57:00+00:00, run_after=2025-10-07 15:58:00+00:00
[2025-10-07T15:57:44.229+0000] {processor.py:183} INFO - Processing /opt/airflow/dags/dag.py took 0.099 seconds
[2025-10-07T15:58:14.574+0000] {processor.py:161} INFO - Started process (PID=3581) to work on /opt/airflow/dags/dag.py
[2025-10-07T15:58:14.637+0000] {processor.py:830} INFO - Processing file /opt/airflow/dags/dag.py for tasks to queue
[2025-10-07T15:58:14.642+0000] {logging_mixin.py:188} INFO - [2025-10-07T15:58:14.640+0000] {dagbag.py:545} INFO - Filling up the DagBag from /opt/airflow/dags/dag.py
[2025-10-07T15:58:14.678+0000] {processor.py:840} INFO - DAG(s) 'dag1' retrieved from /opt/airflow/dags/dag.py
[2025-10-07T15:58:14.775+0000] {logging_mixin.py:188} INFO - [2025-10-07T15:58:14.773+0000] {dag.py:3096} INFO - Sync 1 DAGs
[2025-10-07T15:58:14.840+0000] {logging_mixin.py:188} INFO - [2025-10-07T15:58:14.839+0000] {dag.py:3954} INFO - Setting next_dagrun for dag1 to 2025-10-07 15:58:00+00:00, run_after=2025-10-07 15:59:00+00:00
[2025-10-07T15:58:14.928+0000] {processor.py:183} INFO - Processing /opt/airflow/dags/dag.py took 0.368 seconds
[2025-10-07T15:58:39.562+0000] {processor.py:161} INFO - Started process (PID=3630) to work on /opt/airflow/dags/dag.py
[2025-10-07T15:58:39.614+0000] {processor.py:830} INFO - Processing file /opt/airflow/dags/dag.py for tasks to queue
[2025-10-07T15:58:39.615+0000] {logging_mixin.py:188} INFO - [2025-10-07T15:58:39.615+0000] {dagbag.py:545} INFO - Filling up the DagBag from /opt/airflow/dags/dag.py
[2025-10-07T15:58:39.620+0000] {processor.py:840} INFO - DAG(s) 'dag1' retrieved from /opt/airflow/dags/dag.py
[2025-10-07T15:58:39.779+0000] {logging_mixin.py:188} INFO - [2025-10-07T15:58:39.778+0000] {dag.py:3096} INFO - Sync 1 DAGs
[2025-10-07T15:58:39.798+0000] {logging_mixin.py:188} INFO - [2025-10-07T15:58:39.797+0000] {dag.py:3954} INFO - Setting next_dagrun for dag1 to None, run_after=None
[2025-10-07T15:58:39.876+0000] {processor.py:183} INFO - Processing /opt/airflow/dags/dag.py took 0.319 seconds
[2025-10-07T15:59:10.307+0000] {processor.py:161} INFO - Started process (PID=3683) to work on /opt/airflow/dags/dag.py
[2025-10-07T15:59:10.312+0000] {processor.py:830} INFO - Processing file /opt/airflow/dags/dag.py for tasks to queue
[2025-10-07T15:59:10.319+0000] {logging_mixin.py:188} INFO - [2025-10-07T15:59:10.316+0000] {dagbag.py:545} INFO - Filling up the DagBag from /opt/airflow/dags/dag.py
[2025-10-07T15:59:10.398+0000] {processor.py:840} INFO - DAG(s) 'dag1' retrieved from /opt/airflow/dags/dag.py
[2025-10-07T15:59:10.511+0000] {logging_mixin.py:188} INFO - [2025-10-07T15:59:10.510+0000] {dag.py:3096} INFO - Sync 1 DAGs
[2025-10-07T15:59:10.584+0000] {logging_mixin.py:188} INFO - [2025-10-07T15:59:10.583+0000] {dag.py:3954} INFO - Setting next_dagrun for dag1 to None, run_after=None
[2025-10-07T15:59:10.740+0000] {processor.py:183} INFO - Processing /opt/airflow/dags/dag.py took 0.483 seconds
[2025-10-07T15:59:40.885+0000] {processor.py:161} INFO - Started process (PID=3736) to work on /opt/airflow/dags/dag.py
[2025-10-07T15:59:40.886+0000] {processor.py:830} INFO - Processing file /opt/airflow/dags/dag.py for tasks to queue
[2025-10-07T15:59:40.887+0000] {logging_mixin.py:188} INFO - [2025-10-07T15:59:40.886+0000] {dagbag.py:545} INFO - Filling up the DagBag from /opt/airflow/dags/dag.py
[2025-10-07T15:59:40.893+0000] {processor.py:840} INFO - DAG(s) 'dag1' retrieved from /opt/airflow/dags/dag.py
[2025-10-07T15:59:40.913+0000] {logging_mixin.py:188} INFO - [2025-10-07T15:59:40.912+0000] {dag.py:3096} INFO - Sync 1 DAGs
[2025-10-07T15:59:40.930+0000] {logging_mixin.py:188} INFO - [2025-10-07T15:59:40.930+0000] {dag.py:3954} INFO - Setting next_dagrun for dag1 to None, run_after=None
[2025-10-07T15:59:41.032+0000] {processor.py:183} INFO - Processing /opt/airflow/dags/dag.py took 0.153 seconds
[2025-10-07T16:00:11.094+0000] {processor.py:161} INFO - Started process (PID=3789) to work on /opt/airflow/dags/dag.py
[2025-10-07T16:00:11.095+0000] {processor.py:830} INFO - Processing file /opt/airflow/dags/dag.py for tasks to queue
[2025-10-07T16:00:11.096+0000] {logging_mixin.py:188} INFO - [2025-10-07T16:00:11.096+0000] {dagbag.py:545} INFO - Filling up the DagBag from /opt/airflow/dags/dag.py
[2025-10-07T16:00:11.102+0000] {processor.py:840} INFO - DAG(s) 'dag1' retrieved from /opt/airflow/dags/dag.py
[2025-10-07T16:00:11.120+0000] {logging_mixin.py:188} INFO - [2025-10-07T16:00:11.120+0000] {dag.py:3096} INFO - Sync 1 DAGs
[2025-10-07T16:00:11.136+0000] {logging_mixin.py:188} INFO - [2025-10-07T16:00:11.136+0000] {dag.py:3954} INFO - Setting next_dagrun for dag1 to None, run_after=None
[2025-10-07T16:00:11.160+0000] {processor.py:183} INFO - Processing /opt/airflow/dags/dag.py took 0.070 seconds
[2025-10-07T16:00:41.390+0000] {processor.py:161} INFO - Started process (PID=3842) to work on /opt/airflow/dags/dag.py
[2025-10-07T16:00:41.392+0000] {processor.py:830} INFO - Processing file /opt/airflow/dags/dag.py for tasks to queue
[2025-10-07T16:00:41.393+0000] {logging_mixin.py:188} INFO - [2025-10-07T16:00:41.393+0000] {dagbag.py:545} INFO - Filling up the DagBag from /opt/airflow/dags/dag.py
[2025-10-07T16:00:41.404+0000] {processor.py:840} INFO - DAG(s) 'dag1' retrieved from /opt/airflow/dags/dag.py
[2025-10-07T16:00:41.435+0000] {logging_mixin.py:188} INFO - [2025-10-07T16:00:41.435+0000] {dag.py:3096} INFO - Sync 1 DAGs
[2025-10-07T16:00:41.460+0000] {logging_mixin.py:188} INFO - [2025-10-07T16:00:41.460+0000] {dag.py:3954} INFO - Setting next_dagrun for dag1 to None, run_after=None
[2025-10-07T16:00:41.495+0000] {processor.py:183} INFO - Processing /opt/airflow/dags/dag.py took 0.118 seconds
[2025-10-07T16:01:12.186+0000] {processor.py:161} INFO - Started process (PID=3893) to work on /opt/airflow/dags/dag.py
[2025-10-07T16:01:12.232+0000] {processor.py:830} INFO - Processing file /opt/airflow/dags/dag.py for tasks to queue
[2025-10-07T16:01:12.233+0000] {logging_mixin.py:188} INFO - [2025-10-07T16:01:12.233+0000] {dagbag.py:545} INFO - Filling up the DagBag from /opt/airflow/dags/dag.py
[2025-10-07T16:01:12.243+0000] {processor.py:840} INFO - DAG(s) 'dag1' retrieved from /opt/airflow/dags/dag.py
[2025-10-07T16:01:12.277+0000] {logging_mixin.py:188} INFO - [2025-10-07T16:01:12.276+0000] {dag.py:3096} INFO - Sync 1 DAGs
[2025-10-07T16:01:12.315+0000] {logging_mixin.py:188} INFO - [2025-10-07T16:01:12.314+0000] {dag.py:3954} INFO - Setting next_dagrun for dag1 to None, run_after=None
[2025-10-07T16:01:12.359+0000] {processor.py:183} INFO - Processing /opt/airflow/dags/dag.py took 0.184 seconds
[2025-10-07T16:01:43.040+0000] {processor.py:161} INFO - Started process (PID=3946) to work on /opt/airflow/dags/dag.py
[2025-10-07T16:01:43.103+0000] {processor.py:830} INFO - Processing file /opt/airflow/dags/dag.py for tasks to queue
[2025-10-07T16:01:43.104+0000] {logging_mixin.py:188} INFO - [2025-10-07T16:01:43.103+0000] {dagbag.py:545} INFO - Filling up the DagBag from /opt/airflow/dags/dag.py
[2025-10-07T16:01:43.109+0000] {processor.py:840} INFO - DAG(s) 'dag1' retrieved from /opt/airflow/dags/dag.py
[2025-10-07T16:01:43.128+0000] {logging_mixin.py:188} INFO - [2025-10-07T16:01:43.127+0000] {dag.py:3096} INFO - Sync 1 DAGs
[2025-10-07T16:01:43.147+0000] {logging_mixin.py:188} INFO - [2025-10-07T16:01:43.146+0000] {dag.py:3954} INFO - Setting next_dagrun for dag1 to None, run_after=None
[2025-10-07T16:01:43.179+0000] {processor.py:183} INFO - Processing /opt/airflow/dags/dag.py took 0.145 seconds
[2025-10-07T16:02:13.302+0000] {processor.py:161} INFO - Started process (PID=3999) to work on /opt/airflow/dags/dag.py
[2025-10-07T16:02:13.333+0000] {processor.py:830} INFO - Processing file /opt/airflow/dags/dag.py for tasks to queue
[2025-10-07T16:02:13.336+0000] {logging_mixin.py:188} INFO - [2025-10-07T16:02:13.335+0000] {dagbag.py:545} INFO - Filling up the DagBag from /opt/airflow/dags/dag.py
[2025-10-07T16:02:13.355+0000] {processor.py:840} INFO - DAG(s) 'dag1' retrieved from /opt/airflow/dags/dag.py
[2025-10-07T16:02:13.408+0000] {logging_mixin.py:188} INFO - [2025-10-07T16:02:13.407+0000] {dag.py:3096} INFO - Sync 1 DAGs
[2025-10-07T16:02:13.446+0000] {logging_mixin.py:188} INFO - [2025-10-07T16:02:13.445+0000] {dag.py:3954} INFO - Setting next_dagrun for dag1 to None, run_after=None
[2025-10-07T16:02:13.568+0000] {processor.py:183} INFO - Processing /opt/airflow/dags/dag.py took 0.282 seconds
[2025-10-07T16:02:43.907+0000] {processor.py:161} INFO - Started process (PID=4052) to work on /opt/airflow/dags/dag.py
[2025-10-07T16:02:43.970+0000] {processor.py:830} INFO - Processing file /opt/airflow/dags/dag.py for tasks to queue
[2025-10-07T16:02:43.971+0000] {logging_mixin.py:188} INFO - [2025-10-07T16:02:43.970+0000] {dagbag.py:545} INFO - Filling up the DagBag from /opt/airflow/dags/dag.py
[2025-10-07T16:02:43.976+0000] {processor.py:840} INFO - DAG(s) 'dag1' retrieved from /opt/airflow/dags/dag.py
[2025-10-07T16:02:43.995+0000] {logging_mixin.py:188} INFO - [2025-10-07T16:02:43.994+0000] {dag.py:3096} INFO - Sync 1 DAGs
[2025-10-07T16:02:44.012+0000] {logging_mixin.py:188} INFO - [2025-10-07T16:02:44.012+0000] {dag.py:3954} INFO - Setting next_dagrun for dag1 to None, run_after=None
[2025-10-07T16:02:44.044+0000] {processor.py:183} INFO - Processing /opt/airflow/dags/dag.py took 0.142 seconds
[2025-10-07T16:03:14.534+0000] {processor.py:161} INFO - Started process (PID=4105) to work on /opt/airflow/dags/dag.py
[2025-10-07T16:03:14.535+0000] {processor.py:830} INFO - Processing file /opt/airflow/dags/dag.py for tasks to queue
[2025-10-07T16:03:14.536+0000] {logging_mixin.py:188} INFO - [2025-10-07T16:03:14.535+0000] {dagbag.py:545} INFO - Filling up the DagBag from /opt/airflow/dags/dag.py
[2025-10-07T16:03:14.543+0000] {processor.py:840} INFO - DAG(s) 'dag1' retrieved from /opt/airflow/dags/dag.py
[2025-10-07T16:03:14.567+0000] {logging_mixin.py:188} INFO - [2025-10-07T16:03:14.567+0000] {dag.py:3096} INFO - Sync 1 DAGs
[2025-10-07T16:03:14.592+0000] {logging_mixin.py:188} INFO - [2025-10-07T16:03:14.591+0000] {dag.py:3954} INFO - Setting next_dagrun for dag1 to None, run_after=None
[2025-10-07T16:03:14.637+0000] {processor.py:183} INFO - Processing /opt/airflow/dags/dag.py took 0.112 seconds
[2025-10-07T16:03:44.839+0000] {processor.py:161} INFO - Started process (PID=4158) to work on /opt/airflow/dags/dag.py
[2025-10-07T16:03:44.844+0000] {processor.py:830} INFO - Processing file /opt/airflow/dags/dag.py for tasks to queue
[2025-10-07T16:03:44.844+0000] {logging_mixin.py:188} INFO - [2025-10-07T16:03:44.844+0000] {dagbag.py:545} INFO - Filling up the DagBag from /opt/airflow/dags/dag.py
[2025-10-07T16:03:44.850+0000] {processor.py:840} INFO - DAG(s) 'dag1' retrieved from /opt/airflow/dags/dag.py
[2025-10-07T16:03:44.868+0000] {logging_mixin.py:188} INFO - [2025-10-07T16:03:44.868+0000] {dag.py:3096} INFO - Sync 1 DAGs
[2025-10-07T16:03:44.887+0000] {logging_mixin.py:188} INFO - [2025-10-07T16:03:44.886+0000] {dag.py:3954} INFO - Setting next_dagrun for dag1 to None, run_after=None
[2025-10-07T16:03:44.918+0000] {processor.py:183} INFO - Processing /opt/airflow/dags/dag.py took 0.084 seconds
[2025-10-07T16:04:15.485+0000] {processor.py:161} INFO - Started process (PID=4211) to work on /opt/airflow/dags/dag.py
[2025-10-07T16:04:15.537+0000] {processor.py:830} INFO - Processing file /opt/airflow/dags/dag.py for tasks to queue
[2025-10-07T16:04:15.538+0000] {logging_mixin.py:188} INFO - [2025-10-07T16:04:15.538+0000] {dagbag.py:545} INFO - Filling up the DagBag from /opt/airflow/dags/dag.py
[2025-10-07T16:04:15.543+0000] {processor.py:840} INFO - DAG(s) 'dag1' retrieved from /opt/airflow/dags/dag.py
[2025-10-07T16:04:15.561+0000] {logging_mixin.py:188} INFO - [2025-10-07T16:04:15.560+0000] {dag.py:3096} INFO - Sync 1 DAGs
[2025-10-07T16:04:15.578+0000] {logging_mixin.py:188} INFO - [2025-10-07T16:04:15.578+0000] {dag.py:3954} INFO - Setting next_dagrun for dag1 to None, run_after=None
[2025-10-07T16:04:15.610+0000] {processor.py:183} INFO - Processing /opt/airflow/dags/dag.py took 0.130 seconds
[2025-10-07T16:04:46.153+0000] {processor.py:161} INFO - Started process (PID=4264) to work on /opt/airflow/dags/dag.py
[2025-10-07T16:04:46.216+0000] {processor.py:830} INFO - Processing file /opt/airflow/dags/dag.py for tasks to queue
[2025-10-07T16:04:46.217+0000] {logging_mixin.py:188} INFO - [2025-10-07T16:04:46.217+0000] {dagbag.py:545} INFO - Filling up the DagBag from /opt/airflow/dags/dag.py
[2025-10-07T16:04:46.226+0000] {processor.py:840} INFO - DAG(s) 'dag1' retrieved from /opt/airflow/dags/dag.py
[2025-10-07T16:04:46.255+0000] {logging_mixin.py:188} INFO - [2025-10-07T16:04:46.254+0000] {dag.py:3096} INFO - Sync 1 DAGs
[2025-10-07T16:04:46.281+0000] {logging_mixin.py:188} INFO - [2025-10-07T16:04:46.281+0000] {dag.py:3954} INFO - Setting next_dagrun for dag1 to None, run_after=None
[2025-10-07T16:04:46.323+0000] {processor.py:183} INFO - Processing /opt/airflow/dags/dag.py took 0.179 seconds
[2025-10-07T16:05:16.553+0000] {processor.py:161} INFO - Started process (PID=4317) to work on /opt/airflow/dags/dag.py
[2025-10-07T16:05:16.554+0000] {processor.py:830} INFO - Processing file /opt/airflow/dags/dag.py for tasks to queue
[2025-10-07T16:05:16.555+0000] {logging_mixin.py:188} INFO - [2025-10-07T16:05:16.555+0000] {dagbag.py:545} INFO - Filling up the DagBag from /opt/airflow/dags/dag.py
[2025-10-07T16:05:16.563+0000] {processor.py:840} INFO - DAG(s) 'dag1' retrieved from /opt/airflow/dags/dag.py
[2025-10-07T16:05:16.599+0000] {logging_mixin.py:188} INFO - [2025-10-07T16:05:16.598+0000] {dag.py:3096} INFO - Sync 1 DAGs
[2025-10-07T16:05:16.625+0000] {logging_mixin.py:188} INFO - [2025-10-07T16:05:16.624+0000] {dag.py:3954} INFO - Setting next_dagrun for dag1 to None, run_after=None
[2025-10-07T16:05:16.668+0000] {processor.py:183} INFO - Processing /opt/airflow/dags/dag.py took 0.123 seconds
[2025-10-07T16:05:46.898+0000] {processor.py:161} INFO - Started process (PID=4370) to work on /opt/airflow/dags/dag.py
[2025-10-07T16:05:46.924+0000] {processor.py:830} INFO - Processing file /opt/airflow/dags/dag.py for tasks to queue
[2025-10-07T16:05:46.925+0000] {logging_mixin.py:188} INFO - [2025-10-07T16:05:46.925+0000] {dagbag.py:545} INFO - Filling up the DagBag from /opt/airflow/dags/dag.py
[2025-10-07T16:05:46.933+0000] {processor.py:840} INFO - DAG(s) 'dag1' retrieved from /opt/airflow/dags/dag.py
[2025-10-07T16:05:46.964+0000] {logging_mixin.py:188} INFO - [2025-10-07T16:05:46.964+0000] {dag.py:3096} INFO - Sync 1 DAGs
[2025-10-07T16:05:46.998+0000] {logging_mixin.py:188} INFO - [2025-10-07T16:05:46.997+0000] {dag.py:3954} INFO - Setting next_dagrun for dag1 to None, run_after=None
[2025-10-07T16:05:47.092+0000] {processor.py:183} INFO - Processing /opt/airflow/dags/dag.py took 0.203 seconds
[2025-10-07T16:06:17.293+0000] {processor.py:161} INFO - Started process (PID=4423) to work on /opt/airflow/dags/dag.py
[2025-10-07T16:06:17.294+0000] {processor.py:830} INFO - Processing file /opt/airflow/dags/dag.py for tasks to queue
[2025-10-07T16:06:17.296+0000] {logging_mixin.py:188} INFO - [2025-10-07T16:06:17.295+0000] {dagbag.py:545} INFO - Filling up the DagBag from /opt/airflow/dags/dag.py
[2025-10-07T16:06:17.309+0000] {processor.py:840} INFO - DAG(s) 'dag1' retrieved from /opt/airflow/dags/dag.py
[2025-10-07T16:06:17.365+0000] {logging_mixin.py:188} INFO - [2025-10-07T16:06:17.365+0000] {dag.py:3096} INFO - Sync 1 DAGs
[2025-10-07T16:06:17.405+0000] {logging_mixin.py:188} INFO - [2025-10-07T16:06:17.404+0000] {dag.py:3954} INFO - Setting next_dagrun for dag1 to None, run_after=None
[2025-10-07T16:06:17.526+0000] {processor.py:183} INFO - Processing /opt/airflow/dags/dag.py took 0.247 seconds
[2025-10-07T16:06:48.325+0000] {processor.py:161} INFO - Started process (PID=4476) to work on /opt/airflow/dags/dag.py
[2025-10-07T16:06:48.326+0000] {processor.py:830} INFO - Processing file /opt/airflow/dags/dag.py for tasks to queue
[2025-10-07T16:06:48.327+0000] {logging_mixin.py:188} INFO - [2025-10-07T16:06:48.327+0000] {dagbag.py:545} INFO - Filling up the DagBag from /opt/airflow/dags/dag.py
[2025-10-07T16:06:48.333+0000] {processor.py:840} INFO - DAG(s) 'dag1' retrieved from /opt/airflow/dags/dag.py
[2025-10-07T16:06:48.354+0000] {logging_mixin.py:188} INFO - [2025-10-07T16:06:48.354+0000] {dag.py:3096} INFO - Sync 1 DAGs
[2025-10-07T16:06:48.377+0000] {logging_mixin.py:188} INFO - [2025-10-07T16:06:48.376+0000] {dag.py:3954} INFO - Setting next_dagrun for dag1 to None, run_after=None
[2025-10-07T16:06:48.420+0000] {processor.py:183} INFO - Processing /opt/airflow/dags/dag.py took 0.100 seconds
