[2025-10-08T15:04:49.427+0000] {local_task_job_runner.py:120} INFO - ::group::Pre task execution logs
[2025-10-08T15:04:49.879+0000] {taskinstance.py:2076} INFO - Dependencies all met for dep_context=non-requeueable deps ti=<TaskInstance: Airflow_depi.generate_random scheduled__2025-10-01T01:05:00+00:00 [queued]>
[2025-10-08T15:04:49.983+0000] {taskinstance.py:2076} INFO - Dependencies all met for dep_context=requeueable deps ti=<TaskInstance: Airflow_depi.generate_random scheduled__2025-10-01T01:05:00+00:00 [queued]>
[2025-10-08T15:04:49.988+0000] {taskinstance.py:2306} INFO - Starting attempt 1 of 1
[2025-10-08T15:04:50.617+0000] {taskinstance.py:2330} INFO - Executing <Task(PythonOperator): generate_random> on 2025-10-01 01:05:00+00:00
[2025-10-08T15:04:50.752+0000] {warnings.py:112} WARNING - /home/***/.local/lib/python3.12/site-packages/***/task/task_runner/standard_task_runner.py:61: DeprecationWarning: This process (pid=649) is multi-threaded, use of fork() may lead to deadlocks in the child.
  pid = os.fork()

[2025-10-08T15:04:50.770+0000] {standard_task_runner.py:63} INFO - Started process 681 to run task
[2025-10-08T15:04:50.904+0000] {standard_task_runner.py:90} INFO - Running: ['***', 'tasks', 'run', 'Airflow_depi', 'generate_random', 'scheduled__2025-10-01T01:05:00+00:00', '--job-id', '181', '--raw', '--subdir', 'DAGS_FOLDER/dag.py', '--cfg-path', '/tmp/tmp9rpaq9m0']
[2025-10-08T15:04:50.976+0000] {standard_task_runner.py:91} INFO - Job 181: Subtask generate_random
[2025-10-08T15:04:51.158+0000] {warnings.py:112} WARNING - /home/***/.local/lib/python3.12/site-packages/***/settings.py:195: DeprecationWarning: The sql_alchemy_conn option in [core] has been moved to the sql_alchemy_conn option in [database] - the old setting has been used, but please update your config.
  SQL_ALCHEMY_CONN = conf.get("database", "SQL_ALCHEMY_CONN")

[2025-10-08T15:04:51.554+0000] {task_command.py:426} INFO - Running <TaskInstance: Airflow_depi.generate_random scheduled__2025-10-01T01:05:00+00:00 [running]> on host 48b3f47b7e55
[2025-10-08T15:04:52.976+0000] {taskinstance.py:2648} INFO - Exporting env vars: AIRFLOW_CTX_DAG_OWNER='***' AIRFLOW_CTX_DAG_ID='Airflow_depi' AIRFLOW_CTX_TASK_ID='generate_random' AIRFLOW_CTX_EXECUTION_DATE='2025-10-01T01:05:00+00:00' AIRFLOW_CTX_TRY_NUMBER='1' AIRFLOW_CTX_DAG_RUN_ID='scheduled__2025-10-01T01:05:00+00:00'
[2025-10-08T15:04:52.991+0000] {taskinstance.py:430} INFO - ::endgroup::
[2025-10-08T15:04:53.001+0000] {python.py:237} INFO - Done. Returned value was: None
[2025-10-08T15:04:53.004+0000] {taskinstance.py:441} INFO - ::group::Post task execution logs
[2025-10-08T15:04:53.123+0000] {taskinstance.py:1206} INFO - Marking task as SUCCESS. dag_id=Airflow_depi, task_id=generate_random, run_id=scheduled__2025-10-01T01:05:00+00:00, execution_date=20251001T010500, start_date=20251008T150449, end_date=20251008T150453
[2025-10-08T15:04:54.758+0000] {local_task_job_runner.py:240} INFO - Task exited with return code 0
[2025-10-08T15:04:55.073+0000] {taskinstance.py:3503} INFO - 0 downstream tasks scheduled from follow-on schedule check
[2025-10-08T15:04:55.086+0000] {local_task_job_runner.py:222} INFO - ::endgroup::
