[2025-10-08T14:56:37.619+0000] {local_task_job_runner.py:120} INFO - ::group::Pre task execution logs
[2025-10-08T14:56:38.316+0000] {taskinstance.py:2076} INFO - Dependencies all met for dep_context=non-requeueable deps ti=<TaskInstance: Airflow_depi.generate_random scheduled__2025-10-01T00:29:00+00:00 [queued]>
[2025-10-08T14:56:38.433+0000] {taskinstance.py:2076} INFO - Dependencies all met for dep_context=requeueable deps ti=<TaskInstance: Airflow_depi.generate_random scheduled__2025-10-01T00:29:00+00:00 [queued]>
[2025-10-08T14:56:38.435+0000] {taskinstance.py:2306} INFO - Starting attempt 1 of 1
[2025-10-08T14:56:39.174+0000] {taskinstance.py:2330} INFO - Executing <Task(PythonOperator): generate_random> on 2025-10-01 00:29:00+00:00
[2025-10-08T14:56:39.760+0000] {warnings.py:112} WARNING - /home/***/.local/lib/python3.12/site-packages/***/task/task_runner/standard_task_runner.py:61: DeprecationWarning: This process (pid=273) is multi-threaded, use of fork() may lead to deadlocks in the child.
  pid = os.fork()

[2025-10-08T14:56:39.824+0000] {standard_task_runner.py:63} INFO - Started process 299 to run task
[2025-10-08T14:56:39.927+0000] {standard_task_runner.py:90} INFO - Running: ['***', 'tasks', 'run', 'Airflow_depi', 'generate_random', 'scheduled__2025-10-01T00:29:00+00:00', '--job-id', '66', '--raw', '--subdir', 'DAGS_FOLDER/dag.py', '--cfg-path', '/tmp/tmp9cujctoz']
[2025-10-08T14:56:40.275+0000] {standard_task_runner.py:91} INFO - Job 66: Subtask generate_random
[2025-10-08T14:56:40.838+0000] {warnings.py:112} WARNING - /home/***/.local/lib/python3.12/site-packages/***/settings.py:195: DeprecationWarning: The sql_alchemy_conn option in [core] has been moved to the sql_alchemy_conn option in [database] - the old setting has been used, but please update your config.
  SQL_ALCHEMY_CONN = conf.get("database", "SQL_ALCHEMY_CONN")

[2025-10-08T14:56:41.832+0000] {task_command.py:426} INFO - Running <TaskInstance: Airflow_depi.generate_random scheduled__2025-10-01T00:29:00+00:00 [running]> on host 48b3f47b7e55
[2025-10-08T14:56:44.033+0000] {taskinstance.py:2648} INFO - Exporting env vars: AIRFLOW_CTX_DAG_OWNER='***' AIRFLOW_CTX_DAG_ID='Airflow_depi' AIRFLOW_CTX_TASK_ID='generate_random' AIRFLOW_CTX_EXECUTION_DATE='2025-10-01T00:29:00+00:00' AIRFLOW_CTX_TRY_NUMBER='1' AIRFLOW_CTX_DAG_RUN_ID='scheduled__2025-10-01T00:29:00+00:00'
[2025-10-08T14:56:44.050+0000] {taskinstance.py:430} INFO - ::endgroup::
[2025-10-08T14:56:44.062+0000] {python.py:237} INFO - Done. Returned value was: None
[2025-10-08T14:56:44.066+0000] {taskinstance.py:441} INFO - ::group::Post task execution logs
[2025-10-08T14:56:44.156+0000] {taskinstance.py:1206} INFO - Marking task as SUCCESS. dag_id=Airflow_depi, task_id=generate_random, run_id=scheduled__2025-10-01T00:29:00+00:00, execution_date=20251001T002900, start_date=20251008T145638, end_date=20251008T145644
[2025-10-08T14:56:44.588+0000] {local_task_job_runner.py:240} INFO - Task exited with return code 0
[2025-10-08T14:56:45.069+0000] {taskinstance.py:3503} INFO - 0 downstream tasks scheduled from follow-on schedule check
[2025-10-08T14:56:45.094+0000] {local_task_job_runner.py:222} INFO - ::endgroup::
