[2025-10-08T14:57:56.857+0000] {local_task_job_runner.py:120} INFO - ::group::Pre task execution logs
[2025-10-08T14:57:57.025+0000] {taskinstance.py:2076} INFO - Dependencies all met for dep_context=non-requeueable deps ti=<TaskInstance: Airflow_depi.print_date scheduled__2025-10-01T00:46:00+00:00 [queued]>
[2025-10-08T14:57:57.077+0000] {taskinstance.py:2076} INFO - Dependencies all met for dep_context=requeueable deps ti=<TaskInstance: Airflow_depi.print_date scheduled__2025-10-01T00:46:00+00:00 [queued]>
[2025-10-08T14:57:57.079+0000] {taskinstance.py:2306} INFO - Starting attempt 1 of 1
[2025-10-08T14:57:57.264+0000] {taskinstance.py:2330} INFO - Executing <Task(BashOperator): print_date> on 2025-10-01 00:46:00+00:00
[2025-10-08T14:57:57.457+0000] {standard_task_runner.py:90} INFO - Running: ['***', 'tasks', 'run', 'Airflow_depi', 'print_date', 'scheduled__2025-10-01T00:46:00+00:00', '--job-id', '93', '--raw', '--subdir', 'DAGS_FOLDER/dag.py', '--cfg-path', '/tmp/tmpwwzdxt56']
[2025-10-08T14:57:57.490+0000] {standard_task_runner.py:91} INFO - Job 93: Subtask print_date
[2025-10-08T14:57:57.453+0000] {warnings.py:112} WARNING - /home/***/.local/lib/python3.12/site-packages/***/task/task_runner/standard_task_runner.py:61: DeprecationWarning: This process (pid=336) is multi-threaded, use of fork() may lead to deadlocks in the child.
  pid = os.fork()

[2025-10-08T14:57:57.507+0000] {standard_task_runner.py:63} INFO - Started process 385 to run task
[2025-10-08T14:57:57.682+0000] {warnings.py:112} WARNING - /home/***/.local/lib/python3.12/site-packages/***/settings.py:195: DeprecationWarning: The sql_alchemy_conn option in [core] has been moved to the sql_alchemy_conn option in [database] - the old setting has been used, but please update your config.
  SQL_ALCHEMY_CONN = conf.get("database", "SQL_ALCHEMY_CONN")

[2025-10-08T14:57:58.006+0000] {task_command.py:426} INFO - Running <TaskInstance: Airflow_depi.print_date scheduled__2025-10-01T00:46:00+00:00 [running]> on host 48b3f47b7e55
[2025-10-08T14:57:59.002+0000] {taskinstance.py:2648} INFO - Exporting env vars: AIRFLOW_CTX_DAG_OWNER='***' AIRFLOW_CTX_DAG_ID='Airflow_depi' AIRFLOW_CTX_TASK_ID='print_date' AIRFLOW_CTX_EXECUTION_DATE='2025-10-01T00:46:00+00:00' AIRFLOW_CTX_TRY_NUMBER='1' AIRFLOW_CTX_DAG_RUN_ID='scheduled__2025-10-01T00:46:00+00:00'
[2025-10-08T14:57:59.020+0000] {taskinstance.py:430} INFO - ::endgroup::
[2025-10-08T14:57:59.066+0000] {subprocess.py:63} INFO - Tmp dir root location: /tmp
[2025-10-08T14:57:59.069+0000] {subprocess.py:75} INFO - Running command: ['/usr/bin/bash', '-c', 'date']
[2025-10-08T14:57:59.149+0000] {subprocess.py:86} INFO - Output:
[2025-10-08T14:57:59.171+0000] {subprocess.py:93} INFO - Wed Oct  8 14:57:59 UTC 2025
[2025-10-08T14:57:59.173+0000] {subprocess.py:97} INFO - Command exited with return code 0
[2025-10-08T14:57:59.175+0000] {taskinstance.py:441} INFO - ::group::Post task execution logs
[2025-10-08T14:57:59.307+0000] {taskinstance.py:1206} INFO - Marking task as SUCCESS. dag_id=Airflow_depi, task_id=print_date, run_id=scheduled__2025-10-01T00:46:00+00:00, execution_date=20251001T004600, start_date=20251008T145757, end_date=20251008T145759
[2025-10-08T14:57:59.483+0000] {local_task_job_runner.py:240} INFO - Task exited with return code 0
[2025-10-08T14:57:59.648+0000] {taskinstance.py:3503} INFO - 1 downstream tasks scheduled from follow-on schedule check
[2025-10-08T14:57:59.654+0000] {local_task_job_runner.py:222} INFO - ::endgroup::
