[2025-10-08T15:06:12.767+0000] {local_task_job_runner.py:120} INFO - ::group::Pre task execution logs
[2025-10-08T15:06:13.127+0000] {taskinstance.py:2076} INFO - Dependencies all met for dep_context=non-requeueable deps ti=<TaskInstance: Airflow_depi.print_hello scheduled__2025-10-01T01:13:00+00:00 [queued]>
[2025-10-08T15:06:13.195+0000] {taskinstance.py:2076} INFO - Dependencies all met for dep_context=requeueable deps ti=<TaskInstance: Airflow_depi.print_hello scheduled__2025-10-01T01:13:00+00:00 [queued]>
[2025-10-08T15:06:13.197+0000] {taskinstance.py:2306} INFO - Starting attempt 1 of 1
[2025-10-08T15:06:13.330+0000] {taskinstance.py:2330} INFO - Executing <Task(PythonOperator): print_hello> on 2025-10-01 01:13:00+00:00
[2025-10-08T15:06:13.428+0000] {warnings.py:112} WARNING - /home/***/.local/lib/python3.12/site-packages/***/task/task_runner/standard_task_runner.py:61: DeprecationWarning: This process (pid=715) is multi-threaded, use of fork() may lead to deadlocks in the child.
  pid = os.fork()

[2025-10-08T15:06:13.436+0000] {standard_task_runner.py:63} INFO - Started process 759 to run task
[2025-10-08T15:06:13.533+0000] {standard_task_runner.py:90} INFO - Running: ['***', 'tasks', 'run', 'Airflow_depi', 'print_hello', 'scheduled__2025-10-01T01:13:00+00:00', '--job-id', '202', '--raw', '--subdir', 'DAGS_FOLDER/dag.py', '--cfg-path', '/tmp/tmpipk5bf8u']
[2025-10-08T15:06:13.586+0000] {standard_task_runner.py:91} INFO - Job 202: Subtask print_hello
[2025-10-08T15:06:13.840+0000] {warnings.py:112} WARNING - /home/***/.local/lib/python3.12/site-packages/***/settings.py:195: DeprecationWarning: The sql_alchemy_conn option in [core] has been moved to the sql_alchemy_conn option in [database] - the old setting has been used, but please update your config.
  SQL_ALCHEMY_CONN = conf.get("database", "SQL_ALCHEMY_CONN")

[2025-10-08T15:06:14.518+0000] {task_command.py:426} INFO - Running <TaskInstance: Airflow_depi.print_hello scheduled__2025-10-01T01:13:00+00:00 [running]> on host 48b3f47b7e55
[2025-10-08T15:06:17.216+0000] {taskinstance.py:2648} INFO - Exporting env vars: AIRFLOW_CTX_DAG_OWNER='***' AIRFLOW_CTX_DAG_ID='Airflow_depi' AIRFLOW_CTX_TASK_ID='print_hello' AIRFLOW_CTX_EXECUTION_DATE='2025-10-01T01:13:00+00:00' AIRFLOW_CTX_TRY_NUMBER='1' AIRFLOW_CTX_DAG_RUN_ID='scheduled__2025-10-01T01:13:00+00:00'
[2025-10-08T15:06:17.474+0000] {taskinstance.py:430} INFO - ::endgroup::
[2025-10-08T15:06:17.478+0000] {logging_mixin.py:188} INFO - Hello, Ahmed Helmy
[2025-10-08T15:06:17.480+0000] {python.py:237} INFO - Done. Returned value was: None
[2025-10-08T15:06:17.483+0000] {taskinstance.py:441} INFO - ::group::Post task execution logs
[2025-10-08T15:06:18.026+0000] {taskinstance.py:1206} INFO - Marking task as SUCCESS. dag_id=Airflow_depi, task_id=print_hello, run_id=scheduled__2025-10-01T01:13:00+00:00, execution_date=20251001T011300, start_date=20251008T150613, end_date=20251008T150618
[2025-10-08T15:06:18.829+0000] {local_task_job_runner.py:240} INFO - Task exited with return code 0
[2025-10-08T15:06:18.955+0000] {local_task_job_runner.py:222} INFO - ::endgroup::
