[2025-10-08T12:22:27.064+0000] {local_task_job_runner.py:120} INFO - ::group::Pre task execution logs
[2025-10-08T12:22:27.148+0000] {taskinstance.py:2076} INFO - Dependencies all met for dep_context=non-requeueable deps ti=<TaskInstance: dag2.print_numbers scheduled__2025-10-08T12:21:00+00:00 [queued]>
[2025-10-08T12:22:27.173+0000] {taskinstance.py:2076} INFO - Dependencies all met for dep_context=requeueable deps ti=<TaskInstance: dag2.print_numbers scheduled__2025-10-08T12:21:00+00:00 [queued]>
[2025-10-08T12:22:27.174+0000] {taskinstance.py:2306} INFO - Starting attempt 1 of 1
[2025-10-08T12:22:27.266+0000] {taskinstance.py:2330} INFO - Executing <Task(PythonOperator): print_numbers> on 2025-10-08 12:21:00+00:00
[2025-10-08T12:22:27.284+0000] {warnings.py:112} WARNING - /home/***/.local/lib/python3.12/site-packages/***/task/task_runner/standard_task_runner.py:61: DeprecationWarning: This process (pid=512) is multi-threaded, use of fork() may lead to deadlocks in the child.
  pid = os.fork()

[2025-10-08T12:22:27.287+0000] {standard_task_runner.py:63} INFO - Started process 514 to run task
[2025-10-08T12:22:27.287+0000] {standard_task_runner.py:90} INFO - Running: ['***', 'tasks', 'run', 'dag2', 'print_numbers', 'scheduled__2025-10-08T12:21:00+00:00', '--job-id', '118', '--raw', '--subdir', 'DAGS_FOLDER/dag2.py', '--cfg-path', '/tmp/tmpmc0qu1de']
[2025-10-08T12:22:27.292+0000] {standard_task_runner.py:91} INFO - Job 118: Subtask print_numbers
[2025-10-08T12:22:27.315+0000] {warnings.py:112} WARNING - /home/***/.local/lib/python3.12/site-packages/***/settings.py:195: DeprecationWarning: The sql_alchemy_conn option in [core] has been moved to the sql_alchemy_conn option in [database] - the old setting has been used, but please update your config.
  SQL_ALCHEMY_CONN = conf.get("database", "SQL_ALCHEMY_CONN")

[2025-10-08T12:22:27.411+0000] {task_command.py:426} INFO - Running <TaskInstance: dag2.print_numbers scheduled__2025-10-08T12:21:00+00:00 [running]> on host 567e6f4df55c
[2025-10-08T12:22:27.654+0000] {taskinstance.py:2648} INFO - Exporting env vars: AIRFLOW_CTX_DAG_OWNER='***' AIRFLOW_CTX_DAG_ID='dag2' AIRFLOW_CTX_TASK_ID='print_numbers' AIRFLOW_CTX_EXECUTION_DATE='2025-10-08T12:21:00+00:00' AIRFLOW_CTX_TRY_NUMBER='1' AIRFLOW_CTX_DAG_RUN_ID='scheduled__2025-10-08T12:21:00+00:00'
[2025-10-08T12:22:27.661+0000] {taskinstance.py:430} INFO - ::endgroup::
[2025-10-08T12:22:27.663+0000] {logging_mixin.py:188} INFO - 1
[2025-10-08T12:22:27.665+0000] {logging_mixin.py:188} INFO - 2
[2025-10-08T12:22:27.666+0000] {logging_mixin.py:188} INFO - 3
[2025-10-08T12:22:27.667+0000] {logging_mixin.py:188} INFO - 4
[2025-10-08T12:22:27.668+0000] {logging_mixin.py:188} INFO - 5
[2025-10-08T12:22:27.669+0000] {logging_mixin.py:188} INFO - 6
[2025-10-08T12:22:27.670+0000] {logging_mixin.py:188} INFO - 7
[2025-10-08T12:22:27.670+0000] {logging_mixin.py:188} INFO - 8
[2025-10-08T12:22:27.671+0000] {logging_mixin.py:188} INFO - 9
[2025-10-08T12:22:27.672+0000] {logging_mixin.py:188} INFO - 10
[2025-10-08T12:22:27.673+0000] {python.py:237} INFO - Done. Returned value was: None
[2025-10-08T12:22:27.676+0000] {taskinstance.py:441} INFO - ::group::Post task execution logs
[2025-10-08T12:22:27.715+0000] {taskinstance.py:1206} INFO - Marking task as SUCCESS. dag_id=dag2, task_id=print_numbers, run_id=scheduled__2025-10-08T12:21:00+00:00, execution_date=20251008T122100, start_date=20251008T122227, end_date=20251008T122227
[2025-10-08T12:22:27.784+0000] {local_task_job_runner.py:240} INFO - Task exited with return code 0
[2025-10-08T12:22:27.863+0000] {taskinstance.py:3503} INFO - 1 downstream tasks scheduled from follow-on schedule check
[2025-10-08T12:22:27.867+0000] {local_task_job_runner.py:222} INFO - ::endgroup::
