[2025-10-08T12:24:04.418+0000] {local_task_job_runner.py:120} INFO - ::group::Pre task execution logs
[2025-10-08T12:24:04.467+0000] {taskinstance.py:2076} INFO - Dependencies all met for dep_context=non-requeueable deps ti=<TaskInstance: dag2.print_numbers scheduled__2025-10-08T12:23:00+00:00 [queued]>
[2025-10-08T12:24:04.485+0000] {taskinstance.py:2076} INFO - Dependencies all met for dep_context=requeueable deps ti=<TaskInstance: dag2.print_numbers scheduled__2025-10-08T12:23:00+00:00 [queued]>
[2025-10-08T12:24:04.486+0000] {taskinstance.py:2306} INFO - Starting attempt 1 of 1
[2025-10-08T12:24:04.586+0000] {taskinstance.py:2330} INFO - Executing <Task(PythonOperator): print_numbers> on 2025-10-08 12:23:00+00:00
[2025-10-08T12:24:04.616+0000] {warnings.py:112} WARNING - /home/***/.local/lib/python3.12/site-packages/***/task/task_runner/standard_task_runner.py:61: DeprecationWarning: This process (pid=526) is multi-threaded, use of fork() may lead to deadlocks in the child.
  pid = os.fork()

[2025-10-08T12:24:04.623+0000] {standard_task_runner.py:63} INFO - Started process 528 to run task
[2025-10-08T12:24:04.624+0000] {standard_task_runner.py:90} INFO - Running: ['***', 'tasks', 'run', 'dag2', 'print_numbers', 'scheduled__2025-10-08T12:23:00+00:00', '--job-id', '122', '--raw', '--subdir', 'DAGS_FOLDER/dag2.py', '--cfg-path', '/tmp/tmp9v6lo8ek']
[2025-10-08T12:24:04.633+0000] {standard_task_runner.py:91} INFO - Job 122: Subtask print_numbers
[2025-10-08T12:24:04.694+0000] {warnings.py:112} WARNING - /home/***/.local/lib/python3.12/site-packages/***/settings.py:195: DeprecationWarning: The sql_alchemy_conn option in [core] has been moved to the sql_alchemy_conn option in [database] - the old setting has been used, but please update your config.
  SQL_ALCHEMY_CONN = conf.get("database", "SQL_ALCHEMY_CONN")

[2025-10-08T12:24:04.849+0000] {task_command.py:426} INFO - Running <TaskInstance: dag2.print_numbers scheduled__2025-10-08T12:23:00+00:00 [running]> on host 567e6f4df55c
[2025-10-08T12:24:05.174+0000] {taskinstance.py:2648} INFO - Exporting env vars: AIRFLOW_CTX_DAG_OWNER='***' AIRFLOW_CTX_DAG_ID='dag2' AIRFLOW_CTX_TASK_ID='print_numbers' AIRFLOW_CTX_EXECUTION_DATE='2025-10-08T12:23:00+00:00' AIRFLOW_CTX_TRY_NUMBER='1' AIRFLOW_CTX_DAG_RUN_ID='scheduled__2025-10-08T12:23:00+00:00'
[2025-10-08T12:24:05.180+0000] {taskinstance.py:430} INFO - ::endgroup::
[2025-10-08T12:24:05.182+0000] {logging_mixin.py:188} INFO - 1
[2025-10-08T12:24:05.183+0000] {logging_mixin.py:188} INFO - 2
[2025-10-08T12:24:05.184+0000] {logging_mixin.py:188} INFO - 3
[2025-10-08T12:24:05.185+0000] {logging_mixin.py:188} INFO - 4
[2025-10-08T12:24:05.186+0000] {logging_mixin.py:188} INFO - 5
[2025-10-08T12:24:05.187+0000] {logging_mixin.py:188} INFO - 6
[2025-10-08T12:24:05.188+0000] {logging_mixin.py:188} INFO - 7
[2025-10-08T12:24:05.190+0000] {logging_mixin.py:188} INFO - 8
[2025-10-08T12:24:05.191+0000] {logging_mixin.py:188} INFO - 9
[2025-10-08T12:24:05.192+0000] {logging_mixin.py:188} INFO - 10
[2025-10-08T12:24:05.193+0000] {python.py:237} INFO - Done. Returned value was: None
[2025-10-08T12:24:05.195+0000] {taskinstance.py:441} INFO - ::group::Post task execution logs
[2025-10-08T12:24:05.233+0000] {taskinstance.py:1206} INFO - Marking task as SUCCESS. dag_id=dag2, task_id=print_numbers, run_id=scheduled__2025-10-08T12:23:00+00:00, execution_date=20251008T122300, start_date=20251008T122404, end_date=20251008T122405
[2025-10-08T12:24:05.323+0000] {local_task_job_runner.py:240} INFO - Task exited with return code 0
[2025-10-08T12:24:05.372+0000] {taskinstance.py:3503} INFO - 1 downstream tasks scheduled from follow-on schedule check
[2025-10-08T12:24:05.379+0000] {local_task_job_runner.py:222} INFO - ::endgroup::
