[2025-10-08T15:01:26.353+0000] {local_task_job_runner.py:120} INFO - ::group::Pre task execution logs
[2025-10-08T15:01:26.748+0000] {taskinstance.py:2076} INFO - Dependencies all met for dep_context=non-requeueable deps ti=<TaskInstance: Airflow_depi.print_date scheduled__2025-10-01T00:50:00+00:00 [queued]>
[2025-10-08T15:01:26.891+0000] {taskinstance.py:2076} INFO - Dependencies all met for dep_context=requeueable deps ti=<TaskInstance: Airflow_depi.print_date scheduled__2025-10-01T00:50:00+00:00 [queued]>
[2025-10-08T15:01:26.893+0000] {taskinstance.py:2306} INFO - Starting attempt 1 of 1
[2025-10-08T15:01:27.588+0000] {taskinstance.py:2330} INFO - Executing <Task(BashOperator): print_date> on 2025-10-01 00:50:00+00:00
[2025-10-08T15:01:27.714+0000] {warnings.py:112} WARNING - /home/***/.local/lib/python3.12/site-packages/***/task/task_runner/standard_task_runner.py:61: DeprecationWarning: This process (pid=452) is multi-threaded, use of fork() may lead to deadlocks in the child.
  pid = os.fork()

[2025-10-08T15:01:27.723+0000] {standard_task_runner.py:63} INFO - Started process 469 to run task
[2025-10-08T15:01:27.742+0000] {standard_task_runner.py:90} INFO - Running: ['***', 'tasks', 'run', 'Airflow_depi', 'print_date', 'scheduled__2025-10-01T00:50:00+00:00', '--job-id', '121', '--raw', '--subdir', 'DAGS_FOLDER/dag.py', '--cfg-path', '/tmp/tmpph1bhf06']
[2025-10-08T15:01:27.778+0000] {standard_task_runner.py:91} INFO - Job 121: Subtask print_date
[2025-10-08T15:01:28.157+0000] {warnings.py:112} WARNING - /home/***/.local/lib/python3.12/site-packages/***/settings.py:195: DeprecationWarning: The sql_alchemy_conn option in [core] has been moved to the sql_alchemy_conn option in [database] - the old setting has been used, but please update your config.
  SQL_ALCHEMY_CONN = conf.get("database", "SQL_ALCHEMY_CONN")

[2025-10-08T15:01:28.457+0000] {task_command.py:426} INFO - Running <TaskInstance: Airflow_depi.print_date scheduled__2025-10-01T00:50:00+00:00 [running]> on host 48b3f47b7e55
[2025-10-08T15:01:29.570+0000] {taskinstance.py:2648} INFO - Exporting env vars: AIRFLOW_CTX_DAG_OWNER='***' AIRFLOW_CTX_DAG_ID='Airflow_depi' AIRFLOW_CTX_TASK_ID='print_date' AIRFLOW_CTX_EXECUTION_DATE='2025-10-01T00:50:00+00:00' AIRFLOW_CTX_TRY_NUMBER='1' AIRFLOW_CTX_DAG_RUN_ID='scheduled__2025-10-01T00:50:00+00:00'
[2025-10-08T15:01:29.594+0000] {taskinstance.py:430} INFO - ::endgroup::
[2025-10-08T15:01:29.599+0000] {subprocess.py:63} INFO - Tmp dir root location: /tmp
[2025-10-08T15:01:29.602+0000] {subprocess.py:75} INFO - Running command: ['/usr/bin/bash', '-c', 'date']
[2025-10-08T15:01:29.737+0000] {subprocess.py:86} INFO - Output:
[2025-10-08T15:01:29.830+0000] {subprocess.py:93} INFO - Wed Oct  8 15:01:29 UTC 2025
[2025-10-08T15:01:29.837+0000] {subprocess.py:97} INFO - Command exited with return code 0
[2025-10-08T15:01:29.848+0000] {taskinstance.py:441} INFO - ::group::Post task execution logs
[2025-10-08T15:01:30.115+0000] {taskinstance.py:1206} INFO - Marking task as SUCCESS. dag_id=Airflow_depi, task_id=print_date, run_id=scheduled__2025-10-01T00:50:00+00:00, execution_date=20251001T005000, start_date=20251008T150126, end_date=20251008T150130
[2025-10-08T15:01:30.265+0000] {local_task_job_runner.py:240} INFO - Task exited with return code 0
[2025-10-08T15:01:30.503+0000] {taskinstance.py:3503} INFO - 1 downstream tasks scheduled from follow-on schedule check
[2025-10-08T15:01:30.552+0000] {local_task_job_runner.py:222} INFO - ::endgroup::
