[2025-10-08T15:10:41.284+0000] {local_task_job_runner.py:120} INFO - ::group::Pre task execution logs
[2025-10-08T15:10:41.435+0000] {taskinstance.py:2076} INFO - Dependencies all met for dep_context=non-requeueable deps ti=<TaskInstance: Airflow_depi.print_hello scheduled__2025-10-01T01:41:00+00:00 [queued]>
[2025-10-08T15:10:41.488+0000] {taskinstance.py:2076} INFO - Dependencies all met for dep_context=requeueable deps ti=<TaskInstance: Airflow_depi.print_hello scheduled__2025-10-01T01:41:00+00:00 [queued]>
[2025-10-08T15:10:41.490+0000] {taskinstance.py:2306} INFO - Starting attempt 1 of 1
[2025-10-08T15:10:41.587+0000] {taskinstance.py:2330} INFO - Executing <Task(PythonOperator): print_hello> on 2025-10-01 01:41:00+00:00
[2025-10-08T15:10:41.627+0000] {warnings.py:112} WARNING - /home/***/.local/lib/python3.12/site-packages/***/task/task_runner/standard_task_runner.py:61: DeprecationWarning: This process (pid=956) is multi-threaded, use of fork() may lead to deadlocks in the child.
  pid = os.fork()

[2025-10-08T15:10:41.633+0000] {standard_task_runner.py:63} INFO - Started process 980 to run task
[2025-10-08T15:10:41.635+0000] {standard_task_runner.py:90} INFO - Running: ['***', 'tasks', 'run', 'Airflow_depi', 'print_hello', 'scheduled__2025-10-01T01:41:00+00:00', '--job-id', '270', '--raw', '--subdir', 'DAGS_FOLDER/dag.py', '--cfg-path', '/tmp/tmpn_z0qwzr']
[2025-10-08T15:10:41.645+0000] {standard_task_runner.py:91} INFO - Job 270: Subtask print_hello
[2025-10-08T15:10:41.709+0000] {warnings.py:112} WARNING - /home/***/.local/lib/python3.12/site-packages/***/settings.py:195: DeprecationWarning: The sql_alchemy_conn option in [core] has been moved to the sql_alchemy_conn option in [database] - the old setting has been used, but please update your config.
  SQL_ALCHEMY_CONN = conf.get("database", "SQL_ALCHEMY_CONN")

[2025-10-08T15:10:41.921+0000] {task_command.py:426} INFO - Running <TaskInstance: Airflow_depi.print_hello scheduled__2025-10-01T01:41:00+00:00 [running]> on host 48b3f47b7e55
[2025-10-08T15:10:42.652+0000] {taskinstance.py:2648} INFO - Exporting env vars: AIRFLOW_CTX_DAG_OWNER='***' AIRFLOW_CTX_DAG_ID='Airflow_depi' AIRFLOW_CTX_TASK_ID='print_hello' AIRFLOW_CTX_EXECUTION_DATE='2025-10-01T01:41:00+00:00' AIRFLOW_CTX_TRY_NUMBER='1' AIRFLOW_CTX_DAG_RUN_ID='scheduled__2025-10-01T01:41:00+00:00'
[2025-10-08T15:10:42.663+0000] {taskinstance.py:430} INFO - ::endgroup::
[2025-10-08T15:10:42.669+0000] {logging_mixin.py:188} INFO - Hello, Ahmed Helmy
[2025-10-08T15:10:42.670+0000] {python.py:237} INFO - Done. Returned value was: None
[2025-10-08T15:10:42.674+0000] {taskinstance.py:441} INFO - ::group::Post task execution logs
[2025-10-08T15:10:42.724+0000] {taskinstance.py:1206} INFO - Marking task as SUCCESS. dag_id=Airflow_depi, task_id=print_hello, run_id=scheduled__2025-10-01T01:41:00+00:00, execution_date=20251001T014100, start_date=20251008T151041, end_date=20251008T151042
[2025-10-08T15:10:42.837+0000] {local_task_job_runner.py:240} INFO - Task exited with return code 0
[2025-10-08T15:10:42.955+0000] {taskinstance.py:3503} INFO - 1 downstream tasks scheduled from follow-on schedule check
[2025-10-08T15:10:42.965+0000] {local_task_job_runner.py:222} INFO - ::endgroup::
