[2025-10-08T14:55:06.543+0000] {local_task_job_runner.py:120} INFO - ::group::Pre task execution logs
[2025-10-08T14:55:07.257+0000] {taskinstance.py:2076} INFO - Dependencies all met for dep_context=non-requeueable deps ti=<TaskInstance: Airflow_depi.print_hello scheduled__2025-10-01T00:22:00+00:00 [queued]>
[2025-10-08T14:55:07.316+0000] {taskinstance.py:2076} INFO - Dependencies all met for dep_context=requeueable deps ti=<TaskInstance: Airflow_depi.print_hello scheduled__2025-10-01T00:22:00+00:00 [queued]>
[2025-10-08T14:55:07.318+0000] {taskinstance.py:2306} INFO - Starting attempt 1 of 1
[2025-10-08T14:55:07.417+0000] {taskinstance.py:2330} INFO - Executing <Task(PythonOperator): print_hello> on 2025-10-01 00:22:00+00:00
[2025-10-08T14:55:07.515+0000] {warnings.py:112} WARNING - /home/***/.local/lib/python3.12/site-packages/***/task/task_runner/standard_task_runner.py:61: DeprecationWarning: This process (pid=178) is multi-threaded, use of fork() may lead to deadlocks in the child.
  pid = os.fork()

[2025-10-08T14:55:07.559+0000] {standard_task_runner.py:63} INFO - Started process 215 to run task
[2025-10-08T14:55:07.603+0000] {standard_task_runner.py:90} INFO - Running: ['***', 'tasks', 'run', 'Airflow_depi', 'print_hello', 'scheduled__2025-10-01T00:22:00+00:00', '--job-id', '37', '--raw', '--subdir', 'DAGS_FOLDER/dag.py', '--cfg-path', '/tmp/tmp4wotwjdy']
[2025-10-08T14:55:07.623+0000] {standard_task_runner.py:91} INFO - Job 37: Subtask print_hello
[2025-10-08T14:55:07.940+0000] {warnings.py:112} WARNING - /home/***/.local/lib/python3.12/site-packages/***/settings.py:195: DeprecationWarning: The sql_alchemy_conn option in [core] has been moved to the sql_alchemy_conn option in [database] - the old setting has been used, but please update your config.
  SQL_ALCHEMY_CONN = conf.get("database", "SQL_ALCHEMY_CONN")

[2025-10-08T14:55:09.320+0000] {task_command.py:426} INFO - Running <TaskInstance: Airflow_depi.print_hello scheduled__2025-10-01T00:22:00+00:00 [running]> on host 48b3f47b7e55
[2025-10-08T14:55:11.377+0000] {taskinstance.py:2648} INFO - Exporting env vars: AIRFLOW_CTX_DAG_OWNER='***' AIRFLOW_CTX_DAG_ID='Airflow_depi' AIRFLOW_CTX_TASK_ID='print_hello' AIRFLOW_CTX_EXECUTION_DATE='2025-10-01T00:22:00+00:00' AIRFLOW_CTX_TRY_NUMBER='1' AIRFLOW_CTX_DAG_RUN_ID='scheduled__2025-10-01T00:22:00+00:00'
[2025-10-08T14:55:11.425+0000] {taskinstance.py:430} INFO - ::endgroup::
[2025-10-08T14:55:11.433+0000] {logging_mixin.py:188} INFO - Hello, Ahmed Helmy
[2025-10-08T14:55:11.438+0000] {python.py:237} INFO - Done. Returned value was: None
[2025-10-08T14:55:11.444+0000] {taskinstance.py:441} INFO - ::group::Post task execution logs
[2025-10-08T14:55:11.542+0000] {taskinstance.py:1206} INFO - Marking task as SUCCESS. dag_id=Airflow_depi, task_id=print_hello, run_id=scheduled__2025-10-01T00:22:00+00:00, execution_date=20251001T002200, start_date=20251008T145507, end_date=20251008T145511
[2025-10-08T14:55:14.440+0000] {local_task_job_runner.py:240} INFO - Task exited with return code 0
[2025-10-08T14:55:14.542+0000] {local_task_job_runner.py:222} INFO - ::endgroup::
