[2025-10-08T14:55:11.642+0000] {local_task_job_runner.py:120} INFO - ::group::Pre task execution logs
[2025-10-08T14:55:12.276+0000] {taskinstance.py:2076} INFO - Dependencies all met for dep_context=non-requeueable deps ti=<TaskInstance: Airflow_depi.print_hello scheduled__2025-10-01T00:21:00+00:00 [queued]>
[2025-10-08T14:55:12.401+0000] {taskinstance.py:2076} INFO - Dependencies all met for dep_context=requeueable deps ti=<TaskInstance: Airflow_depi.print_hello scheduled__2025-10-01T00:21:00+00:00 [queued]>
[2025-10-08T14:55:12.403+0000] {taskinstance.py:2306} INFO - Starting attempt 1 of 1
[2025-10-08T14:55:13.804+0000] {taskinstance.py:2330} INFO - Executing <Task(PythonOperator): print_hello> on 2025-10-01 00:21:00+00:00
[2025-10-08T14:55:14.253+0000] {standard_task_runner.py:90} INFO - Running: ['***', 'tasks', 'run', 'Airflow_depi', 'print_hello', 'scheduled__2025-10-01T00:21:00+00:00', '--job-id', '42', '--raw', '--subdir', 'DAGS_FOLDER/dag.py', '--cfg-path', '/tmp/tmpxkrc3b77']
[2025-10-08T14:55:14.288+0000] {standard_task_runner.py:91} INFO - Job 42: Subtask print_hello
[2025-10-08T14:55:14.269+0000] {warnings.py:112} WARNING - /home/***/.local/lib/python3.12/site-packages/***/task/task_runner/standard_task_runner.py:61: DeprecationWarning: This process (pid=182) is multi-threaded, use of fork() may lead to deadlocks in the child.
  pid = os.fork()

[2025-10-08T14:55:14.333+0000] {standard_task_runner.py:63} INFO - Started process 223 to run task
[2025-10-08T14:55:14.736+0000] {warnings.py:112} WARNING - /home/***/.local/lib/python3.12/site-packages/***/settings.py:195: DeprecationWarning: The sql_alchemy_conn option in [core] has been moved to the sql_alchemy_conn option in [database] - the old setting has been used, but please update your config.
  SQL_ALCHEMY_CONN = conf.get("database", "SQL_ALCHEMY_CONN")

[2025-10-08T14:55:15.446+0000] {task_command.py:426} INFO - Running <TaskInstance: Airflow_depi.print_hello scheduled__2025-10-01T00:21:00+00:00 [running]> on host 48b3f47b7e55
[2025-10-08T14:55:17.190+0000] {taskinstance.py:2648} INFO - Exporting env vars: AIRFLOW_CTX_DAG_OWNER='***' AIRFLOW_CTX_DAG_ID='Airflow_depi' AIRFLOW_CTX_TASK_ID='print_hello' AIRFLOW_CTX_EXECUTION_DATE='2025-10-01T00:21:00+00:00' AIRFLOW_CTX_TRY_NUMBER='1' AIRFLOW_CTX_DAG_RUN_ID='scheduled__2025-10-01T00:21:00+00:00'
[2025-10-08T14:55:17.211+0000] {taskinstance.py:430} INFO - ::endgroup::
[2025-10-08T14:55:17.217+0000] {logging_mixin.py:188} INFO - Hello, Ahmed Helmy
[2025-10-08T14:55:17.225+0000] {python.py:237} INFO - Done. Returned value was: None
[2025-10-08T14:55:17.234+0000] {taskinstance.py:441} INFO - ::group::Post task execution logs
[2025-10-08T14:55:17.564+0000] {taskinstance.py:1206} INFO - Marking task as SUCCESS. dag_id=Airflow_depi, task_id=print_hello, run_id=scheduled__2025-10-01T00:21:00+00:00, execution_date=20251001T002100, start_date=20251008T145512, end_date=20251008T145517
[2025-10-08T14:55:17.829+0000] {local_task_job_runner.py:240} INFO - Task exited with return code 0
[2025-10-08T14:55:17.993+0000] {local_task_job_runner.py:222} INFO - ::endgroup::
