[2025-10-08T14:58:06.728+0000] {local_task_job_runner.py:120} INFO - ::group::Pre task execution logs
[2025-10-08T14:58:06.900+0000] {taskinstance.py:2076} INFO - Dependencies all met for dep_context=non-requeueable deps ti=<TaskInstance: Airflow_depi.print_hello scheduled__2025-10-01T00:41:00+00:00 [queued]>
[2025-10-08T14:58:06.943+0000] {taskinstance.py:2076} INFO - Dependencies all met for dep_context=requeueable deps ti=<TaskInstance: Airflow_depi.print_hello scheduled__2025-10-01T00:41:00+00:00 [queued]>
[2025-10-08T14:58:06.944+0000] {taskinstance.py:2306} INFO - Starting attempt 1 of 1
[2025-10-08T14:58:07.066+0000] {taskinstance.py:2330} INFO - Executing <Task(PythonOperator): print_hello> on 2025-10-01 00:41:00+00:00
[2025-10-08T14:58:07.110+0000] {warnings.py:112} WARNING - /home/***/.local/lib/python3.12/site-packages/***/task/task_runner/standard_task_runner.py:61: DeprecationWarning: This process (pid=376) is multi-threaded, use of fork() may lead to deadlocks in the child.
  pid = os.fork()

[2025-10-08T14:58:07.118+0000] {standard_task_runner.py:63} INFO - Started process 396 to run task
[2025-10-08T14:58:07.126+0000] {standard_task_runner.py:90} INFO - Running: ['***', 'tasks', 'run', 'Airflow_depi', 'print_hello', 'scheduled__2025-10-01T00:41:00+00:00', '--job-id', '97', '--raw', '--subdir', 'DAGS_FOLDER/dag.py', '--cfg-path', '/tmp/tmpkbekc_xr']
[2025-10-08T14:58:07.137+0000] {standard_task_runner.py:91} INFO - Job 97: Subtask print_hello
[2025-10-08T14:58:07.233+0000] {warnings.py:112} WARNING - /home/***/.local/lib/python3.12/site-packages/***/settings.py:195: DeprecationWarning: The sql_alchemy_conn option in [core] has been moved to the sql_alchemy_conn option in [database] - the old setting has been used, but please update your config.
  SQL_ALCHEMY_CONN = conf.get("database", "SQL_ALCHEMY_CONN")

[2025-10-08T14:58:07.470+0000] {task_command.py:426} INFO - Running <TaskInstance: Airflow_depi.print_hello scheduled__2025-10-01T00:41:00+00:00 [running]> on host 48b3f47b7e55
[2025-10-08T14:58:08.186+0000] {taskinstance.py:2648} INFO - Exporting env vars: AIRFLOW_CTX_DAG_OWNER='***' AIRFLOW_CTX_DAG_ID='Airflow_depi' AIRFLOW_CTX_TASK_ID='print_hello' AIRFLOW_CTX_EXECUTION_DATE='2025-10-01T00:41:00+00:00' AIRFLOW_CTX_TRY_NUMBER='1' AIRFLOW_CTX_DAG_RUN_ID='scheduled__2025-10-01T00:41:00+00:00'
[2025-10-08T14:58:08.197+0000] {taskinstance.py:430} INFO - ::endgroup::
[2025-10-08T14:58:08.200+0000] {logging_mixin.py:188} INFO - Hello, Ahmed Helmy
[2025-10-08T14:58:08.201+0000] {python.py:237} INFO - Done. Returned value was: None
[2025-10-08T14:58:08.204+0000] {taskinstance.py:441} INFO - ::group::Post task execution logs
[2025-10-08T14:58:08.269+0000] {taskinstance.py:1206} INFO - Marking task as SUCCESS. dag_id=Airflow_depi, task_id=print_hello, run_id=scheduled__2025-10-01T00:41:00+00:00, execution_date=20251001T004100, start_date=20251008T145806, end_date=20251008T145808
[2025-10-08T14:58:08.499+0000] {local_task_job_runner.py:240} INFO - Task exited with return code 0
[2025-10-08T14:58:08.656+0000] {taskinstance.py:3503} INFO - 1 downstream tasks scheduled from follow-on schedule check
[2025-10-08T14:58:08.671+0000] {local_task_job_runner.py:222} INFO - ::endgroup::
