[2025-10-08T15:05:50.625+0000] {local_task_job_runner.py:120} INFO - ::group::Pre task execution logs
[2025-10-08T15:05:51.065+0000] {taskinstance.py:2076} INFO - Dependencies all met for dep_context=non-requeueable deps ti=<TaskInstance: Airflow_depi.print_date scheduled__2025-10-01T01:18:00+00:00 [queued]>
[2025-10-08T15:05:51.286+0000] {taskinstance.py:2076} INFO - Dependencies all met for dep_context=requeueable deps ti=<TaskInstance: Airflow_depi.print_date scheduled__2025-10-01T01:18:00+00:00 [queued]>
[2025-10-08T15:05:51.290+0000] {taskinstance.py:2306} INFO - Starting attempt 1 of 1
[2025-10-08T15:05:52.336+0000] {taskinstance.py:2330} INFO - Executing <Task(BashOperator): print_date> on 2025-10-01 01:18:00+00:00
[2025-10-08T15:05:52.598+0000] {warnings.py:112} WARNING - /home/***/.local/lib/python3.12/site-packages/***/task/task_runner/standard_task_runner.py:61: DeprecationWarning: This process (pid=686) is multi-threaded, use of fork() may lead to deadlocks in the child.
  pid = os.fork()

[2025-10-08T15:05:52.652+0000] {standard_task_runner.py:63} INFO - Started process 741 to run task
[2025-10-08T15:05:52.668+0000] {standard_task_runner.py:90} INFO - Running: ['***', 'tasks', 'run', 'Airflow_depi', 'print_date', 'scheduled__2025-10-01T01:18:00+00:00', '--job-id', '195', '--raw', '--subdir', 'DAGS_FOLDER/dag.py', '--cfg-path', '/tmp/tmpbw5qgxlz']
[2025-10-08T15:05:52.748+0000] {standard_task_runner.py:91} INFO - Job 195: Subtask print_date
[2025-10-08T15:05:52.913+0000] {warnings.py:112} WARNING - /home/***/.local/lib/python3.12/site-packages/***/settings.py:195: DeprecationWarning: The sql_alchemy_conn option in [core] has been moved to the sql_alchemy_conn option in [database] - the old setting has been used, but please update your config.
  SQL_ALCHEMY_CONN = conf.get("database", "SQL_ALCHEMY_CONN")

[2025-10-08T15:05:53.770+0000] {task_command.py:426} INFO - Running <TaskInstance: Airflow_depi.print_date scheduled__2025-10-01T01:18:00+00:00 [running]> on host 48b3f47b7e55
[2025-10-08T15:05:54.797+0000] {taskinstance.py:2648} INFO - Exporting env vars: AIRFLOW_CTX_DAG_OWNER='***' AIRFLOW_CTX_DAG_ID='Airflow_depi' AIRFLOW_CTX_TASK_ID='print_date' AIRFLOW_CTX_EXECUTION_DATE='2025-10-01T01:18:00+00:00' AIRFLOW_CTX_TRY_NUMBER='1' AIRFLOW_CTX_DAG_RUN_ID='scheduled__2025-10-01T01:18:00+00:00'
[2025-10-08T15:05:54.880+0000] {taskinstance.py:430} INFO - ::endgroup::
[2025-10-08T15:05:54.909+0000] {subprocess.py:63} INFO - Tmp dir root location: /tmp
[2025-10-08T15:05:54.952+0000] {subprocess.py:75} INFO - Running command: ['/usr/bin/bash', '-c', 'date']
[2025-10-08T15:05:55.381+0000] {subprocess.py:86} INFO - Output:
[2025-10-08T15:05:55.492+0000] {subprocess.py:93} INFO - Wed Oct  8 15:05:55 UTC 2025
[2025-10-08T15:05:55.502+0000] {subprocess.py:97} INFO - Command exited with return code 0
[2025-10-08T15:05:55.523+0000] {taskinstance.py:441} INFO - ::group::Post task execution logs
[2025-10-08T15:05:56.267+0000] {taskinstance.py:1206} INFO - Marking task as SUCCESS. dag_id=Airflow_depi, task_id=print_date, run_id=scheduled__2025-10-01T01:18:00+00:00, execution_date=20251001T011800, start_date=20251008T150551, end_date=20251008T150556
[2025-10-08T15:05:57.291+0000] {local_task_job_runner.py:240} INFO - Task exited with return code 0
[2025-10-08T15:05:58.431+0000] {taskinstance.py:3503} INFO - 1 downstream tasks scheduled from follow-on schedule check
[2025-10-08T15:05:58.466+0000] {local_task_job_runner.py:222} INFO - ::endgroup::
